{"/Users/charlie/tmp/graphql-server-crud/src/ModelBase.js": {"path":"/Users/charlie/tmp/graphql-server-crud/src/ModelBase.js","statementMap":{"0":{"start":{"line":2,"column":26},"end":{"line":2,"column":52}},"1":{"start":{"line":3,"column":14},"end":{"line":3,"column":30}},"2":{"start":{"line":4,"column":25},"end":{"line":4,"column":43}},"3":{"start":{"line":5,"column":10},"end":{"line":5,"column":27}},"4":{"start":{"line":6,"column":24},"end":{"line":6,"column":46}},"5":{"start":{"line":10,"column":11},"end":{"line":10,"column":15}},"6":{"start":{"line":13,"column":12},"end":{"line":13,"column":39}},"7":{"start":{"line":16,"column":13},"end":{"line":16,"column":15}},"8":{"start":{"line":19,"column":22},"end":{"line":19,"column":113}},"9":{"start":{"line":22,"column":15},"end":{"line":22,"column":19}},"10":{"start":{"line":23,"column":19},"end":{"line":23,"column":22}},"11":{"start":{"line":24,"column":20},"end":{"line":24,"column":21}},"12":{"start":{"line":27,"column":14},"end":{"line":27,"column":19}},"13":{"start":{"line":30,"column":16},"end":{"line":30,"column":21}},"14":{"start":{"line":33,"column":19},"end":{"line":42,"column":5}},"15":{"start":{"line":45,"column":16},"end":{"line":45,"column":28}},"16":{"start":{"line":47,"column":32},"end":{"line":47,"column":57}},"17":{"start":{"line":48,"column":6},"end":{"line":48,"column":62}},"18":{"start":{"line":49,"column":6},"end":{"line":49,"column":16}},"19":{"start":{"line":53,"column":18},"end":{"line":53,"column":38}},"20":{"start":{"line":54,"column":6},"end":{"line":54,"column":58}},"21":{"start":{"line":58,"column":6},"end":{"line":58,"column":42}},"22":{"start":{"line":59,"column":6},"end":{"line":59,"column":20}},"23":{"start":{"line":60,"column":6},"end":{"line":60,"column":21}},"24":{"start":{"line":62,"column":18},"end":{"line":62,"column":38}},"25":{"start":{"line":63,"column":6},"end":{"line":63,"column":57}},"26":{"start":{"line":67,"column":16},"end":{"line":67,"column":28}},"27":{"start":{"line":68,"column":6},"end":{"line":68,"column":33}},"28":{"start":{"line":70,"column":6},"end":{"line":70,"column":60}},"29":{"start":{"line":74,"column":16},"end":{"line":74,"column":28}},"30":{"start":{"line":75,"column":6},"end":{"line":75,"column":33}},"31":{"start":{"line":77,"column":6},"end":{"line":77,"column":65}},"32":{"start":{"line":81,"column":16},"end":{"line":81,"column":28}},"33":{"start":{"line":82,"column":6},"end":{"line":82,"column":59}},"34":{"start":{"line":84,"column":6},"end":{"line":84,"column":60}},"35":{"start":{"line":89,"column":18},"end":{"line":89,"column":20}},"36":{"start":{"line":90,"column":6},"end":{"line":97,"column":8}},"37":{"start":{"line":91,"column":20},"end":{"line":94,"column":9}},"38":{"start":{"line":95,"column":24},"end":{"line":95,"column":55}},"39":{"start":{"line":96,"column":8},"end":{"line":96,"column":25}},"40":{"start":{"line":98,"column":6},"end":{"line":98,"column":16}},"41":{"start":{"line":102,"column":16},"end":{"line":102,"column":28}},"42":{"start":{"line":103,"column":6},"end":{"line":103,"column":50}},"43":{"start":{"line":104,"column":6},"end":{"line":104,"column":60}},"44":{"start":{"line":108,"column":16},"end":{"line":108,"column":28}},"45":{"start":{"line":109,"column":18},"end":{"line":109,"column":42}},"46":{"start":{"line":109,"column":37},"end":{"line":109,"column":41}},"47":{"start":{"line":110,"column":6},"end":{"line":110,"column":43}},"48":{"start":{"line":112,"column":6},"end":{"line":112,"column":65}},"49":{"start":{"line":116,"column":6},"end":{"line":116,"column":40}},"50":{"start":{"line":118,"column":6},"end":{"line":122,"column":7}},"51":{"start":{"line":119,"column":28},"end":{"line":119,"column":62}},"52":{"start":{"line":120,"column":24},"end":{"line":120,"column":123}},"53":{"start":{"line":121,"column":8},"end":{"line":121,"column":28}},"54":{"start":{"line":124,"column":18},"end":{"line":124,"column":27}},"55":{"start":{"line":125,"column":6},"end":{"line":125,"column":51}},"56":{"start":{"line":127,"column":6},"end":{"line":131,"column":7}},"57":{"start":{"line":128,"column":8},"end":{"line":128,"column":18}},"58":{"start":{"line":130,"column":8},"end":{"line":130,"column":21}},"59":{"start":{"line":135,"column":24},"end":{"line":135,"column":56}},"60":{"start":{"line":136,"column":6},"end":{"line":139,"column":7}},"61":{"start":{"line":137,"column":29},"end":{"line":137,"column":63}},"62":{"start":{"line":138,"column":8},"end":{"line":138,"column":74}},"63":{"start":{"line":138,"column":39},"end":{"line":138,"column":72}},"64":{"start":{"line":143,"column":26},"end":{"line":143,"column":59}},"65":{"start":{"line":144,"column":6},"end":{"line":171,"column":8}},"66":{"start":{"line":145,"column":28},"end":{"line":145,"column":72}},"67":{"start":{"line":146,"column":23},"end":{"line":146,"column":84}},"68":{"start":{"line":146,"column":40},"end":{"line":146,"column":57}},"69":{"start":{"line":146,"column":72},"end":{"line":146,"column":83}},"70":{"start":{"line":147,"column":25},"end":{"line":147,"column":40}},"71":{"start":{"line":149,"column":29},"end":{"line":149,"column":59}},"72":{"start":{"line":150,"column":8},"end":{"line":150,"column":30}},"73":{"start":{"line":152,"column":31},"end":{"line":157,"column":9}},"74":{"start":{"line":158,"column":30},"end":{"line":158,"column":83}},"75":{"start":{"line":159,"column":8},"end":{"line":159,"column":36}},"76":{"start":{"line":160,"column":21},"end":{"line":160,"column":71}},"77":{"start":{"line":161,"column":8},"end":{"line":161,"column":35}},"78":{"start":{"line":163,"column":24},"end":{"line":163,"column":26}},"79":{"start":{"line":164,"column":8},"end":{"line":166,"column":10}},"80":{"start":{"line":165,"column":10},"end":{"line":165,"column":33}},"81":{"start":{"line":168,"column":8},"end":{"line":170,"column":10}},"82":{"start":{"line":169,"column":10},"end":{"line":169,"column":90}},"83":{"start":{"line":175,"column":6},"end":{"line":175,"column":22}},"84":{"start":{"line":177,"column":17},"end":{"line":177,"column":21}},"85":{"start":{"line":178,"column":6},"end":{"line":182,"column":7}},"86":{"start":{"line":179,"column":8},"end":{"line":179,"column":36}},"87":{"start":{"line":181,"column":8},"end":{"line":181,"column":106}},"88":{"start":{"line":184,"column":6},"end":{"line":186,"column":7}},"89":{"start":{"line":185,"column":8},"end":{"line":185,"column":59}},"90":{"start":{"line":188,"column":6},"end":{"line":188,"column":17}},"91":{"start":{"line":192,"column":6},"end":{"line":197,"column":7}},"92":{"start":{"line":193,"column":28},"end":{"line":193,"column":48}},"93":{"start":{"line":194,"column":24},"end":{"line":194,"column":119}},"94":{"start":{"line":195,"column":8},"end":{"line":195,"column":28}},"95":{"start":{"line":196,"column":8},"end":{"line":196,"column":51}},"96":{"start":{"line":201,"column":18},"end":{"line":201,"column":35}},"97":{"start":{"line":202,"column":6},"end":{"line":204,"column":7}},"98":{"start":{"line":203,"column":8},"end":{"line":203,"column":26}},"99":{"start":{"line":205,"column":6},"end":{"line":205,"column":44}},"100":{"start":{"line":207,"column":19},"end":{"line":207,"column":37}},"101":{"start":{"line":208,"column":6},"end":{"line":210,"column":7}},"102":{"start":{"line":209,"column":8},"end":{"line":209,"column":28}},"103":{"start":{"line":212,"column":6},"end":{"line":212,"column":30}},"104":{"start":{"line":216,"column":6},"end":{"line":216,"column":26}},"105":{"start":{"line":224,"column":21},"end":{"line":224,"column":23}},"106":{"start":{"line":225,"column":6},"end":{"line":229,"column":7}},"107":{"start":{"line":226,"column":8},"end":{"line":228,"column":9}},"108":{"start":{"line":227,"column":10},"end":{"line":227,"column":27}},"109":{"start":{"line":230,"column":6},"end":{"line":230,"column":19}},"110":{"start":{"line":234,"column":21},"end":{"line":234,"column":23}},"111":{"start":{"line":235,"column":6},"end":{"line":239,"column":7}},"112":{"start":{"line":236,"column":8},"end":{"line":238,"column":9}},"113":{"start":{"line":237,"column":10},"end":{"line":237,"column":27}},"114":{"start":{"line":240,"column":6},"end":{"line":240,"column":19}},"115":{"start":{"line":244,"column":0},"end":{"line":244,"column":26}}},"fnMap":{"0":{"name":"(anonymous_0)","decl":{"start":{"line":44,"column":4},"end":{"line":44,"column":5}},"loc":{"start":{"line":44,"column":21},"end":{"line":50,"column":5}},"line":44},"1":{"name":"(anonymous_1)","decl":{"start":{"line":52,"column":4},"end":{"line":52,"column":5}},"loc":{"start":{"line":52,"column":32},"end":{"line":55,"column":5}},"line":52},"2":{"name":"(anonymous_2)","decl":{"start":{"line":57,"column":4},"end":{"line":57,"column":5}},"loc":{"start":{"line":57,"column":30},"end":{"line":64,"column":5}},"line":57},"3":{"name":"(anonymous_3)","decl":{"start":{"line":66,"column":4},"end":{"line":66,"column":5}},"loc":{"start":{"line":66,"column":33},"end":{"line":71,"column":5}},"line":66},"4":{"name":"(anonymous_4)","decl":{"start":{"line":73,"column":4},"end":{"line":73,"column":5}},"loc":{"start":{"line":73,"column":37},"end":{"line":78,"column":5}},"line":73},"5":{"name":"(anonymous_5)","decl":{"start":{"line":80,"column":4},"end":{"line":80,"column":5}},"loc":{"start":{"line":80,"column":33},"end":{"line":85,"column":5}},"line":80},"6":{"name":"(anonymous_6)","decl":{"start":{"line":87,"column":4},"end":{"line":87,"column":5}},"loc":{"start":{"line":87,"column":37},"end":{"line":99,"column":5}},"line":87},"7":{"name":"(anonymous_7)","decl":{"start":{"line":90,"column":36},"end":{"line":90,"column":37}},"loc":{"start":{"line":90,"column":50},"end":{"line":97,"column":7}},"line":90},"8":{"name":"(anonymous_8)","decl":{"start":{"line":101,"column":4},"end":{"line":101,"column":5}},"loc":{"start":{"line":101,"column":33},"end":{"line":105,"column":5}},"line":101},"9":{"name":"(anonymous_9)","decl":{"start":{"line":107,"column":4},"end":{"line":107,"column":5}},"loc":{"start":{"line":107,"column":37},"end":{"line":113,"column":5}},"line":107},"10":{"name":"(anonymous_10)","decl":{"start":{"line":109,"column":32},"end":{"line":109,"column":33}},"loc":{"start":{"line":109,"column":37},"end":{"line":109,"column":41}},"line":109},"11":{"name":"(anonymous_11)","decl":{"start":{"line":115,"column":4},"end":{"line":115,"column":5}},"loc":{"start":{"line":115,"column":50},"end":{"line":132,"column":5}},"line":115},"12":{"name":"(anonymous_12)","decl":{"start":{"line":134,"column":4},"end":{"line":134,"column":5}},"loc":{"start":{"line":134,"column":35},"end":{"line":140,"column":5}},"line":134},"13":{"name":"(anonymous_13)","decl":{"start":{"line":142,"column":4},"end":{"line":142,"column":5}},"loc":{"start":{"line":142,"column":46},"end":{"line":172,"column":5}},"line":142},"14":{"name":"(anonymous_14)","decl":{"start":{"line":144,"column":38},"end":{"line":144,"column":39}},"loc":{"start":{"line":144,"column":57},"end":{"line":171,"column":7}},"line":144},"15":{"name":"(anonymous_15)","decl":{"start":{"line":146,"column":31},"end":{"line":146,"column":32}},"loc":{"start":{"line":146,"column":40},"end":{"line":146,"column":57}},"line":146},"16":{"name":"(anonymous_16)","decl":{"start":{"line":146,"column":67},"end":{"line":146,"column":68}},"loc":{"start":{"line":146,"column":72},"end":{"line":146,"column":83}},"line":146},"17":{"name":"(anonymous_17)","decl":{"start":{"line":164,"column":21},"end":{"line":164,"column":22}},"loc":{"start":{"line":164,"column":29},"end":{"line":166,"column":9}},"line":164},"18":{"name":"(anonymous_18)","decl":{"start":{"line":168,"column":20},"end":{"line":168,"column":21}},"loc":{"start":{"line":168,"column":28},"end":{"line":170,"column":9}},"line":168},"19":{"name":"(anonymous_19)","decl":{"start":{"line":174,"column":4},"end":{"line":174,"column":5}},"loc":{"start":{"line":174,"column":13},"end":{"line":189,"column":5}},"line":174},"20":{"name":"(anonymous_20)","decl":{"start":{"line":191,"column":4},"end":{"line":191,"column":5}},"loc":{"start":{"line":191,"column":17},"end":{"line":198,"column":5}},"line":191},"21":{"name":"(anonymous_21)","decl":{"start":{"line":200,"column":4},"end":{"line":200,"column":5}},"loc":{"start":{"line":200,"column":26},"end":{"line":213,"column":5}},"line":200},"22":{"name":"(anonymous_22)","decl":{"start":{"line":215,"column":4},"end":{"line":215,"column":5}},"loc":{"start":{"line":215,"column":21},"end":{"line":217,"column":5}},"line":215},"23":{"name":"(anonymous_23)","decl":{"start":{"line":219,"column":4},"end":{"line":219,"column":5}},"loc":{"start":{"line":219,"column":39},"end":{"line":219,"column":41}},"line":219},"24":{"name":"(anonymous_24)","decl":{"start":{"line":221,"column":4},"end":{"line":221,"column":5}},"loc":{"start":{"line":221,"column":38},"end":{"line":221,"column":40}},"line":221},"25":{"name":"(anonymous_25)","decl":{"start":{"line":223,"column":4},"end":{"line":223,"column":5}},"loc":{"start":{"line":223,"column":35},"end":{"line":231,"column":5}},"line":223},"26":{"name":"(anonymous_26)","decl":{"start":{"line":233,"column":4},"end":{"line":233,"column":5}},"loc":{"start":{"line":233,"column":34},"end":{"line":241,"column":5}},"line":233}},"branchMap":{"0":{"loc":{"start":{"line":118,"column":6},"end":{"line":122,"column":7}},"type":"if","locations":[{"start":{"line":118,"column":6},"end":{"line":122,"column":7}},{"start":{"line":118,"column":6},"end":{"line":122,"column":7}}],"line":118},"1":{"loc":{"start":{"line":127,"column":6},"end":{"line":131,"column":7}},"type":"if","locations":[{"start":{"line":127,"column":6},"end":{"line":131,"column":7}},{"start":{"line":127,"column":6},"end":{"line":131,"column":7}}],"line":127},"2":{"loc":{"start":{"line":127,"column":10},"end":{"line":127,"column":56}},"type":"binary-expr","locations":[{"start":{"line":127,"column":10},"end":{"line":127,"column":31}},{"start":{"line":127,"column":35},"end":{"line":127,"column":56}}],"line":127},"3":{"loc":{"start":{"line":136,"column":6},"end":{"line":139,"column":7}},"type":"if","locations":[{"start":{"line":136,"column":6},"end":{"line":139,"column":7}},{"start":{"line":136,"column":6},"end":{"line":139,"column":7}}],"line":136},"4":{"loc":{"start":{"line":138,"column":8},"end":{"line":138,"column":74}},"type":"if","locations":[{"start":{"line":138,"column":8},"end":{"line":138,"column":74}},{"start":{"line":138,"column":8},"end":{"line":138,"column":74}}],"line":138},"5":{"loc":{"start":{"line":169,"column":28},"end":{"line":169,"column":90}},"type":"cond-expr","locations":[{"start":{"line":169,"column":57},"end":{"line":169,"column":61}},{"start":{"line":169,"column":64},"end":{"line":169,"column":90}}],"line":169},"6":{"loc":{"start":{"line":178,"column":6},"end":{"line":182,"column":7}},"type":"if","locations":[{"start":{"line":178,"column":6},"end":{"line":182,"column":7}},{"start":{"line":178,"column":6},"end":{"line":182,"column":7}}],"line":178},"7":{"loc":{"start":{"line":184,"column":6},"end":{"line":186,"column":7}},"type":"if","locations":[{"start":{"line":184,"column":6},"end":{"line":186,"column":7}},{"start":{"line":184,"column":6},"end":{"line":186,"column":7}}],"line":184},"8":{"loc":{"start":{"line":192,"column":6},"end":{"line":197,"column":7}},"type":"if","locations":[{"start":{"line":192,"column":6},"end":{"line":197,"column":7}},{"start":{"line":192,"column":6},"end":{"line":197,"column":7}}],"line":192},"9":{"loc":{"start":{"line":202,"column":6},"end":{"line":204,"column":7}},"type":"if","locations":[{"start":{"line":202,"column":6},"end":{"line":204,"column":7}},{"start":{"line":202,"column":6},"end":{"line":204,"column":7}}],"line":202},"10":{"loc":{"start":{"line":202,"column":10},"end":{"line":202,"column":61}},"type":"binary-expr","locations":[{"start":{"line":202,"column":11},"end":{"line":202,"column":35}},{"start":{"line":202,"column":41},"end":{"line":202,"column":60}}],"line":202},"11":{"loc":{"start":{"line":208,"column":6},"end":{"line":210,"column":7}},"type":"if","locations":[{"start":{"line":208,"column":6},"end":{"line":210,"column":7}},{"start":{"line":208,"column":6},"end":{"line":210,"column":7}}],"line":208},"12":{"loc":{"start":{"line":208,"column":10},"end":{"line":208,"column":63}},"type":"binary-expr","locations":[{"start":{"line":208,"column":11},"end":{"line":208,"column":36}},{"start":{"line":208,"column":42},"end":{"line":208,"column":62}}],"line":208},"13":{"loc":{"start":{"line":226,"column":8},"end":{"line":228,"column":9}},"type":"if","locations":[{"start":{"line":226,"column":8},"end":{"line":228,"column":9}},{"start":{"line":226,"column":8},"end":{"line":228,"column":9}}],"line":226},"14":{"loc":{"start":{"line":236,"column":8},"end":{"line":238,"column":9}},"type":"if","locations":[{"start":{"line":236,"column":8},"end":{"line":238,"column":9}},{"start":{"line":236,"column":8},"end":{"line":238,"column":9}}],"line":236}},"s":{"0":1,"1":1,"2":1,"3":1,"4":1,"5":0,"6":0,"7":0,"8":0,"9":0,"10":0,"11":0,"12":0,"13":0,"14":0,"15":0,"16":0,"17":0,"18":0,"19":0,"20":0,"21":0,"22":0,"23":0,"24":0,"25":0,"26":0,"27":0,"28":0,"29":0,"30":0,"31":0,"32":0,"33":0,"34":0,"35":0,"36":0,"37":0,"38":0,"39":0,"40":0,"41":0,"42":0,"43":0,"44":0,"45":0,"46":0,"47":0,"48":0,"49":0,"50":0,"51":0,"52":0,"53":0,"54":0,"55":0,"56":0,"57":0,"58":0,"59":0,"60":0,"61":0,"62":0,"63":0,"64":0,"65":0,"66":0,"67":0,"68":0,"69":0,"70":0,"71":0,"72":0,"73":0,"74":0,"75":0,"76":0,"77":0,"78":0,"79":0,"80":0,"81":0,"82":0,"83":0,"84":0,"85":0,"86":0,"87":0,"88":0,"89":0,"90":0,"91":0,"92":0,"93":0,"94":0,"95":0,"96":0,"97":0,"98":0,"99":0,"100":0,"101":0,"102":0,"103":0,"104":0,"105":0,"106":0,"107":0,"108":0,"109":0,"110":0,"111":0,"112":0,"113":0,"114":0,"115":1},"f":{"0":0,"1":0,"2":0,"3":0,"4":0,"5":0,"6":0,"7":0,"8":0,"9":0,"10":0,"11":0,"12":0,"13":0,"14":0,"15":0,"16":0,"17":0,"18":0,"19":0,"20":0,"21":0,"22":0,"23":0,"24":0,"25":0,"26":0},"b":{"0":[0,0],"1":[0,0],"2":[0,0],"3":[0,0],"4":[0,0],"5":[0,0],"6":[0,0],"7":[0,0],"8":[0,0],"9":[0,0],"10":[0,0],"11":[0,0],"12":[0,0],"13":[0,0],"14":[0,0]},"_coverageSchema":"1a1c01bbd47fc00a2c39e90264f33305004495a9","hash":"ee1c45a9544de85665183fa6e5e736e9258ba8c7"}
,"/Users/charlie/tmp/graphql-server-crud/src/commonTypes.js": {"path":"/Users/charlie/tmp/graphql-server-crud/src/commonTypes.js","statementMap":{"0":{"start":{"line":1,"column":16},"end":{"line":1,"column":40}},"1":{"start":{"line":3,"column":20},"end":{"line":60,"column":1}},"2":{"start":{"line":62,"column":0},"end":{"line":62,"column":28}}},"fnMap":{},"branchMap":{},"s":{"0":1,"1":1,"2":1},"f":{},"b":{},"_coverageSchema":"1a1c01bbd47fc00a2c39e90264f33305004495a9","hash":"ad5adacd3b8cac3bfc6ecd77b3f9575eca2d305c"}
,"/Users/charlie/tmp/graphql-server-crud/src/constants.js": {"path":"/Users/charlie/tmp/graphql-server-crud/src/constants.js","statementMap":{"0":{"start":{"line":1,"column":20},"end":{"line":1,"column":26}},"1":{"start":{"line":3,"column":0},"end":{"line":3,"column":32}}},"fnMap":{},"branchMap":{},"s":{"0":2,"1":2},"f":{},"b":{},"_coverageSchema":"1a1c01bbd47fc00a2c39e90264f33305004495a9","hash":"7c5e918cd7ff2a093c055037a00e94444eb5336f"}
,"/Users/charlie/tmp/graphql-server-crud/src/index.js": {"path":"/Users/charlie/tmp/graphql-server-crud/src/index.js","statementMap":{"0":{"start":{"line":1,"column":18},"end":{"line":1,"column":43}},"1":{"start":{"line":2,"column":22},"end":{"line":2,"column":51}},"2":{"start":{"line":3,"column":24},"end":{"line":3,"column":45}},"3":{"start":{"line":4,"column":25},"end":{"line":4,"column":47}},"4":{"start":{"line":5,"column":24},"end":{"line":5,"column":46}},"5":{"start":{"line":7,"column":0},"end":{"line":13,"column":1}}},"fnMap":{},"branchMap":{},"s":{"0":1,"1":1,"2":1,"3":1,"4":1,"5":1},"f":{},"b":{},"_coverageSchema":"1a1c01bbd47fc00a2c39e90264f33305004495a9","hash":"b02335355095fe15c5b364b33e8adf3e4647ea01"}
,"/Users/charlie/tmp/graphql-server-crud/src/knexTransform.js": {"path":"/Users/charlie/tmp/graphql-server-crud/src/knexTransform.js","statementMap":{"0":{"start":{"line":1,"column":10},"end":{"line":1,"column":27}},"1":{"start":{"line":3,"column":18},"end":{"line":3,"column":23}},"2":{"start":{"line":4,"column":19},"end":{"line":4,"column":25}},"3":{"start":{"line":6,"column":22},"end":{"line":12,"column":1}},"4":{"start":{"line":14,"column":24},"end":{"line":20,"column":1}},"5":{"start":{"line":23,"column":18},"end":{"line":32,"column":3}},"6":{"start":{"line":34,"column":19},"end":{"line":34,"column":36}},"7":{"start":{"line":35,"column":2},"end":{"line":37,"column":3}},"8":{"start":{"line":36,"column":4},"end":{"line":36,"column":49}},"9":{"start":{"line":39,"column":2},"end":{"line":39,"column":26}},"10":{"start":{"line":43,"column":2},"end":{"line":45,"column":3}},"11":{"start":{"line":44,"column":4},"end":{"line":44,"column":10}},"12":{"start":{"line":47,"column":23},"end":{"line":47,"column":45}},"13":{"start":{"line":49,"column":18},"end":{"line":49,"column":39}},"14":{"start":{"line":52,"column":2},"end":{"line":67,"column":4}},"15":{"start":{"line":53,"column":16},"end":{"line":53,"column":24}},"16":{"start":{"line":54,"column":4},"end":{"line":56,"column":5}},"17":{"start":{"line":55,"column":6},"end":{"line":55,"column":12}},"18":{"start":{"line":58,"column":17},"end":{"line":58,"column":25}},"19":{"start":{"line":59,"column":22},"end":{"line":59,"column":45}},"20":{"start":{"line":60,"column":4},"end":{"line":66,"column":5}},"21":{"start":{"line":61,"column":21},"end":{"line":61,"column":94}},"22":{"start":{"line":62,"column":6},"end":{"line":62,"column":54}},"23":{"start":{"line":64,"column":21},"end":{"line":64,"column":54}},"24":{"start":{"line":65,"column":6},"end":{"line":65,"column":81}},"25":{"start":{"line":70,"column":2},"end":{"line":77,"column":3}},"26":{"start":{"line":71,"column":23},"end":{"line":71,"column":40}},"27":{"start":{"line":72,"column":4},"end":{"line":76,"column":6}},"28":{"start":{"line":73,"column":6},"end":{"line":75,"column":8}},"29":{"start":{"line":74,"column":8},"end":{"line":74,"column":40}},"30":{"start":{"line":80,"column":2},"end":{"line":88,"column":3}},"31":{"start":{"line":81,"column":23},"end":{"line":81,"column":39}},"32":{"start":{"line":82,"column":4},"end":{"line":87,"column":6}},"33":{"start":{"line":83,"column":6},"end":{"line":86,"column":8}},"34":{"start":{"line":85,"column":8},"end":{"line":85,"column":40}},"35":{"start":{"line":93,"column":2},"end":{"line":93,"column":40}},"36":{"start":{"line":97,"column":2},"end":{"line":99,"column":3}},"37":{"start":{"line":98,"column":4},"end":{"line":98,"column":10}},"38":{"start":{"line":101,"column":2},"end":{"line":103,"column":4}},"39":{"start":{"line":102,"column":4},"end":{"line":102,"column":40}},"40":{"start":{"line":107,"column":2},"end":{"line":109,"column":3}},"41":{"start":{"line":108,"column":4},"end":{"line":108,"column":10}},"42":{"start":{"line":111,"column":18},"end":{"line":111,"column":39}},"43":{"start":{"line":112,"column":2},"end":{"line":133,"column":4}},"44":{"start":{"line":113,"column":14},"end":{"line":113,"column":22}},"45":{"start":{"line":114,"column":17},"end":{"line":114,"column":25}},"46":{"start":{"line":115,"column":22},"end":{"line":115,"column":45}},"47":{"start":{"line":117,"column":4},"end":{"line":120,"column":5}},"48":{"start":{"line":118,"column":21},"end":{"line":118,"column":36}},"49":{"start":{"line":119,"column":6},"end":{"line":119,"column":50}},"50":{"start":{"line":122,"column":4},"end":{"line":132,"column":5}},"51":{"start":{"line":123,"column":6},"end":{"line":123,"column":55}},"52":{"start":{"line":124,"column":11},"end":{"line":132,"column":5}},"53":{"start":{"line":125,"column":6},"end":{"line":125,"column":58}},"54":{"start":{"line":126,"column":11},"end":{"line":132,"column":5}},"55":{"start":{"line":127,"column":6},"end":{"line":127,"column":60}},"56":{"start":{"line":128,"column":11},"end":{"line":132,"column":5}},"57":{"start":{"line":129,"column":6},"end":{"line":129,"column":63}},"58":{"start":{"line":131,"column":6},"end":{"line":131,"column":80}},"59":{"start":{"line":137,"column":17},"end":{"line":137,"column":19}},"60":{"start":{"line":138,"column":2},"end":{"line":144,"column":3}},"61":{"start":{"line":139,"column":4},"end":{"line":143,"column":5}},"62":{"start":{"line":140,"column":6},"end":{"line":140,"column":23}},"63":{"start":{"line":142,"column":6},"end":{"line":142,"column":45}},"64":{"start":{"line":145,"column":2},"end":{"line":145,"column":15}},"65":{"start":{"line":149,"column":17},"end":{"line":149,"column":46}},"66":{"start":{"line":150,"column":2},"end":{"line":152,"column":3}},"67":{"start":{"line":151,"column":4},"end":{"line":151,"column":13}},"68":{"start":{"line":154,"column":14},"end":{"line":165,"column":4}},"69":{"start":{"line":155,"column":4},"end":{"line":164,"column":5}},"70":{"start":{"line":156,"column":21},"end":{"line":156,"column":38}},"71":{"start":{"line":157,"column":6},"end":{"line":161,"column":7}},"72":{"start":{"line":158,"column":8},"end":{"line":158,"column":67}},"73":{"start":{"line":160,"column":8},"end":{"line":160,"column":65}},"74":{"start":{"line":163,"column":6},"end":{"line":163,"column":18}},"75":{"start":{"line":167,"column":2},"end":{"line":167,"column":12}},"76":{"start":{"line":171,"column":2},"end":{"line":171,"column":24}},"77":{"start":{"line":172,"column":2},"end":{"line":172,"column":26}},"78":{"start":{"line":175,"column":2},"end":{"line":183,"column":3}},"79":{"start":{"line":176,"column":4},"end":{"line":182,"column":6}},"80":{"start":{"line":177,"column":6},"end":{"line":181,"column":7}},"81":{"start":{"line":178,"column":8},"end":{"line":178,"column":50}},"82":{"start":{"line":180,"column":8},"end":{"line":180,"column":50}},"83":{"start":{"line":185,"column":2},"end":{"line":185,"column":24}},"84":{"start":{"line":186,"column":2},"end":{"line":186,"column":28}},"85":{"start":{"line":187,"column":2},"end":{"line":187,"column":32}},"86":{"start":{"line":189,"column":17},"end":{"line":189,"column":38}},"87":{"start":{"line":190,"column":2},"end":{"line":192,"column":3}},"88":{"start":{"line":191,"column":4},"end":{"line":191,"column":28}},"89":{"start":{"line":194,"column":2},"end":{"line":196,"column":3}},"90":{"start":{"line":195,"column":4},"end":{"line":195,"column":24}},"91":{"start":{"line":198,"column":2},"end":{"line":198,"column":12}},"92":{"start":{"line":201,"column":0},"end":{"line":201,"column":34}}},"fnMap":{"0":{"name":"operatorMap","decl":{"start":{"line":22,"column":9},"end":{"line":22,"column":20}},"loc":{"start":{"line":22,"column":27},"end":{"line":40,"column":1}},"line":22},"1":{"name":"addWhere","decl":{"start":{"line":42,"column":9},"end":{"line":42,"column":17}},"loc":{"start":{"line":42,"column":47},"end":{"line":89,"column":1}},"line":42},"2":{"name":"(anonymous_2)","decl":{"start":{"line":52,"column":18},"end":{"line":52,"column":19}},"loc":{"start":{"line":52,"column":27},"end":{"line":67,"column":3}},"line":52},"3":{"name":"(anonymous_3)","decl":{"start":{"line":72,"column":23},"end":{"line":72,"column":24}},"loc":{"start":{"line":72,"column":39},"end":{"line":76,"column":5}},"line":72},"4":{"name":"(anonymous_4)","decl":{"start":{"line":73,"column":34},"end":{"line":73,"column":35}},"loc":{"start":{"line":73,"column":46},"end":{"line":75,"column":7}},"line":73},"5":{"name":"(anonymous_5)","decl":{"start":{"line":82,"column":23},"end":{"line":82,"column":24}},"loc":{"start":{"line":82,"column":39},"end":{"line":87,"column":5}},"line":82},"6":{"name":"(anonymous_6)","decl":{"start":{"line":83,"column":36},"end":{"line":83,"column":37}},"loc":{"start":{"line":83,"column":48},"end":{"line":86,"column":7}},"line":83},"7":{"name":"where","decl":{"start":{"line":91,"column":9},"end":{"line":91,"column":14}},"loc":{"start":{"line":91,"column":34},"end":{"line":94,"column":1}},"line":91},"8":{"name":"groupBy","decl":{"start":{"line":96,"column":9},"end":{"line":96,"column":16}},"loc":{"start":{"line":96,"column":36},"end":{"line":104,"column":1}},"line":96},"9":{"name":"(anonymous_9)","decl":{"start":{"line":101,"column":16},"end":{"line":101,"column":17}},"loc":{"start":{"line":101,"column":25},"end":{"line":103,"column":3}},"line":101},"10":{"name":"having","decl":{"start":{"line":106,"column":9},"end":{"line":106,"column":15}},"loc":{"start":{"line":106,"column":41},"end":{"line":134,"column":1}},"line":106},"11":{"name":"(anonymous_11)","decl":{"start":{"line":112,"column":18},"end":{"line":112,"column":19}},"loc":{"start":{"line":112,"column":27},"end":{"line":133,"column":3}},"line":112},"12":{"name":"getSelectedFieldsString","decl":{"start":{"line":136,"column":9},"end":{"line":136,"column":32}},"loc":{"start":{"line":136,"column":40},"end":{"line":146,"column":1}},"line":136},"13":{"name":"getFields","decl":{"start":{"line":148,"column":9},"end":{"line":148,"column":18}},"loc":{"start":{"line":148,"column":32},"end":{"line":168,"column":1}},"line":148},"14":{"name":"(anonymous_14)","decl":{"start":{"line":154,"column":25},"end":{"line":154,"column":26}},"loc":{"start":{"line":154,"column":34},"end":{"line":165,"column":3}},"line":154},"15":{"name":"transformRead","decl":{"start":{"line":170,"column":9},"end":{"line":170,"column":22}},"loc":{"start":{"line":170,"column":56},"end":{"line":199,"column":1}},"line":170},"16":{"name":"(anonymous_16)","decl":{"start":{"line":176,"column":25},"end":{"line":176,"column":26}},"loc":{"start":{"line":176,"column":33},"end":{"line":182,"column":5}},"line":176}},"branchMap":{"0":{"loc":{"start":{"line":35,"column":2},"end":{"line":37,"column":3}},"type":"if","locations":[{"start":{"line":35,"column":2},"end":{"line":37,"column":3}},{"start":{"line":35,"column":2},"end":{"line":37,"column":3}}],"line":35},"1":{"loc":{"start":{"line":43,"column":2},"end":{"line":45,"column":3}},"type":"if","locations":[{"start":{"line":43,"column":2},"end":{"line":45,"column":3}},{"start":{"line":43,"column":2},"end":{"line":45,"column":3}}],"line":43},"2":{"loc":{"start":{"line":54,"column":4},"end":{"line":56,"column":5}},"type":"if","locations":[{"start":{"line":54,"column":4},"end":{"line":56,"column":5}},{"start":{"line":54,"column":4},"end":{"line":56,"column":5}}],"line":54},"3":{"loc":{"start":{"line":60,"column":4},"end":{"line":66,"column":5}},"type":"if","locations":[{"start":{"line":60,"column":4},"end":{"line":66,"column":5}},{"start":{"line":60,"column":4},"end":{"line":66,"column":5}}],"line":60},"4":{"loc":{"start":{"line":61,"column":21},"end":{"line":61,"column":94}},"type":"cond-expr","locations":[{"start":{"line":61,"column":35},"end":{"line":61,"column":62}},{"start":{"line":61,"column":65},"end":{"line":61,"column":94}}],"line":61},"5":{"loc":{"start":{"line":64,"column":21},"end":{"line":64,"column":54}},"type":"cond-expr","locations":[{"start":{"line":64,"column":35},"end":{"line":64,"column":42}},{"start":{"line":64,"column":45},"end":{"line":64,"column":54}}],"line":64},"6":{"loc":{"start":{"line":70,"column":2},"end":{"line":77,"column":3}},"type":"if","locations":[{"start":{"line":70,"column":2},"end":{"line":77,"column":3}},{"start":{"line":70,"column":2},"end":{"line":77,"column":3}}],"line":70},"7":{"loc":{"start":{"line":80,"column":2},"end":{"line":88,"column":3}},"type":"if","locations":[{"start":{"line":80,"column":2},"end":{"line":88,"column":3}},{"start":{"line":80,"column":2},"end":{"line":88,"column":3}}],"line":80},"8":{"loc":{"start":{"line":97,"column":2},"end":{"line":99,"column":3}},"type":"if","locations":[{"start":{"line":97,"column":2},"end":{"line":99,"column":3}},{"start":{"line":97,"column":2},"end":{"line":99,"column":3}}],"line":97},"9":{"loc":{"start":{"line":107,"column":2},"end":{"line":109,"column":3}},"type":"if","locations":[{"start":{"line":107,"column":2},"end":{"line":109,"column":3}},{"start":{"line":107,"column":2},"end":{"line":109,"column":3}}],"line":107},"10":{"loc":{"start":{"line":117,"column":4},"end":{"line":120,"column":5}},"type":"if","locations":[{"start":{"line":117,"column":4},"end":{"line":120,"column":5}},{"start":{"line":117,"column":4},"end":{"line":120,"column":5}}],"line":117},"11":{"loc":{"start":{"line":122,"column":4},"end":{"line":132,"column":5}},"type":"if","locations":[{"start":{"line":122,"column":4},"end":{"line":132,"column":5}},{"start":{"line":122,"column":4},"end":{"line":132,"column":5}}],"line":122},"12":{"loc":{"start":{"line":124,"column":11},"end":{"line":132,"column":5}},"type":"if","locations":[{"start":{"line":124,"column":11},"end":{"line":132,"column":5}},{"start":{"line":124,"column":11},"end":{"line":132,"column":5}}],"line":124},"13":{"loc":{"start":{"line":126,"column":11},"end":{"line":132,"column":5}},"type":"if","locations":[{"start":{"line":126,"column":11},"end":{"line":132,"column":5}},{"start":{"line":126,"column":11},"end":{"line":132,"column":5}}],"line":126},"14":{"loc":{"start":{"line":128,"column":11},"end":{"line":132,"column":5}},"type":"if","locations":[{"start":{"line":128,"column":11},"end":{"line":132,"column":5}},{"start":{"line":128,"column":11},"end":{"line":132,"column":5}}],"line":128},"15":{"loc":{"start":{"line":139,"column":4},"end":{"line":143,"column":5}},"type":"if","locations":[{"start":{"line":139,"column":4},"end":{"line":143,"column":5}},{"start":{"line":139,"column":4},"end":{"line":143,"column":5}}],"line":139},"16":{"loc":{"start":{"line":150,"column":2},"end":{"line":152,"column":3}},"type":"if","locations":[{"start":{"line":150,"column":2},"end":{"line":152,"column":3}},{"start":{"line":150,"column":2},"end":{"line":152,"column":3}}],"line":150},"17":{"loc":{"start":{"line":155,"column":4},"end":{"line":164,"column":5}},"type":"if","locations":[{"start":{"line":155,"column":4},"end":{"line":164,"column":5}},{"start":{"line":155,"column":4},"end":{"line":164,"column":5}}],"line":155},"18":{"loc":{"start":{"line":157,"column":6},"end":{"line":161,"column":7}},"type":"if","locations":[{"start":{"line":157,"column":6},"end":{"line":161,"column":7}},{"start":{"line":157,"column":6},"end":{"line":161,"column":7}}],"line":157},"19":{"loc":{"start":{"line":175,"column":2},"end":{"line":183,"column":3}},"type":"if","locations":[{"start":{"line":175,"column":2},"end":{"line":183,"column":3}},{"start":{"line":175,"column":2},"end":{"line":183,"column":3}}],"line":175},"20":{"loc":{"start":{"line":177,"column":6},"end":{"line":181,"column":7}},"type":"if","locations":[{"start":{"line":177,"column":6},"end":{"line":181,"column":7}},{"start":{"line":177,"column":6},"end":{"line":181,"column":7}}],"line":177},"21":{"loc":{"start":{"line":190,"column":2},"end":{"line":192,"column":3}},"type":"if","locations":[{"start":{"line":190,"column":2},"end":{"line":192,"column":3}},{"start":{"line":190,"column":2},"end":{"line":192,"column":3}}],"line":190},"22":{"loc":{"start":{"line":194,"column":2},"end":{"line":196,"column":3}},"type":"if","locations":[{"start":{"line":194,"column":2},"end":{"line":196,"column":3}},{"start":{"line":194,"column":2},"end":{"line":196,"column":3}}],"line":194}},"s":{"0":1,"1":1,"2":1,"3":1,"4":1,"5":0,"6":0,"7":0,"8":0,"9":0,"10":0,"11":0,"12":0,"13":0,"14":0,"15":0,"16":0,"17":0,"18":0,"19":0,"20":0,"21":0,"22":0,"23":0,"24":0,"25":0,"26":0,"27":0,"28":0,"29":0,"30":0,"31":0,"32":0,"33":0,"34":0,"35":0,"36":0,"37":0,"38":0,"39":0,"40":0,"41":0,"42":0,"43":0,"44":0,"45":0,"46":0,"47":0,"48":0,"49":0,"50":0,"51":0,"52":0,"53":0,"54":0,"55":0,"56":0,"57":0,"58":0,"59":0,"60":0,"61":0,"62":0,"63":0,"64":0,"65":0,"66":0,"67":0,"68":0,"69":0,"70":0,"71":0,"72":0,"73":0,"74":0,"75":0,"76":0,"77":0,"78":0,"79":0,"80":0,"81":0,"82":0,"83":0,"84":0,"85":0,"86":0,"87":0,"88":0,"89":0,"90":0,"91":0,"92":1},"f":{"0":0,"1":0,"2":0,"3":0,"4":0,"5":0,"6":0,"7":0,"8":0,"9":0,"10":0,"11":0,"12":0,"13":0,"14":0,"15":0,"16":0},"b":{"0":[0,0],"1":[0,0],"2":[0,0],"3":[0,0],"4":[0,0],"5":[0,0],"6":[0,0],"7":[0,0],"8":[0,0],"9":[0,0],"10":[0,0],"11":[0,0],"12":[0,0],"13":[0,0],"14":[0,0],"15":[0,0],"16":[0,0],"17":[0,0],"18":[0,0],"19":[0,0],"20":[0,0],"21":[0,0],"22":[0,0]},"_coverageSchema":"1a1c01bbd47fc00a2c39e90264f33305004495a9","hash":"88258b6b8a403c4156ef78aed0a7f7cc8ee1618a"}
,"/Users/charlie/tmp/graphql-server-crud/src/resolvers.js": {"path":"/Users/charlie/tmp/graphql-server-crud/src/resolvers.js","statementMap":{"0":{"start":{"line":1,"column":68},"end":{"line":1,"column":86}},"1":{"start":{"line":2,"column":18},"end":{"line":2,"column":38}},"2":{"start":{"line":3,"column":24},"end":{"line":3,"column":46}},"3":{"start":{"line":6,"column":32},"end":{"line":6,"column":66}},"4":{"start":{"line":7,"column":29},"end":{"line":9,"column":28}},"5":{"start":{"line":8,"column":13},"end":{"line":8,"column":56}},"6":{"start":{"line":9,"column":16},"end":{"line":9,"column":27}},"7":{"start":{"line":10,"column":2},"end":{"line":10,"column":39}},"8":{"start":{"line":11,"column":2},"end":{"line":11,"column":18}},"9":{"start":{"line":15,"column":16},"end":{"line":15,"column":18}},"10":{"start":{"line":16,"column":2},"end":{"line":20,"column":4}},"11":{"start":{"line":17,"column":4},"end":{"line":19,"column":5}},"12":{"start":{"line":18,"column":6},"end":{"line":18,"column":60}},"13":{"start":{"line":22,"column":19},"end":{"line":22,"column":21}},"14":{"start":{"line":23,"column":2},"end":{"line":27,"column":4}},"15":{"start":{"line":24,"column":4},"end":{"line":26,"column":5}},"16":{"start":{"line":25,"column":6},"end":{"line":25,"column":63}},"17":{"start":{"line":29,"column":14},"end":{"line":32,"column":3}},"18":{"start":{"line":34,"column":2},"end":{"line":36,"column":3}},"19":{"start":{"line":35,"column":4},"end":{"line":35,"column":20}},"20":{"start":{"line":38,"column":2},"end":{"line":40,"column":3}},"21":{"start":{"line":39,"column":4},"end":{"line":39,"column":23}},"22":{"start":{"line":41,"column":2},"end":{"line":41,"column":12}},"23":{"start":{"line":45,"column":20},"end":{"line":45,"column":42}},"24":{"start":{"line":46,"column":2},"end":{"line":59,"column":3}},"25":{"start":{"line":47,"column":4},"end":{"line":58,"column":5}},"26":{"start":{"line":48,"column":6},"end":{"line":48,"column":79}},"27":{"start":{"line":49,"column":6},"end":{"line":53,"column":7}},"28":{"start":{"line":54,"column":6},"end":{"line":54,"column":45}},"29":{"start":{"line":55,"column":18},"end":{"line":55,"column":69}},"30":{"start":{"line":56,"column":6},"end":{"line":56,"column":44}},"31":{"start":{"line":57,"column":6},"end":{"line":57,"column":16}},"32":{"start":{"line":62,"column":0},"end":{"line":64,"column":1}}},"fnMap":{"0":{"name":"addResolvers","decl":{"start":{"line":5,"column":9},"end":{"line":5,"column":21}},"loc":{"start":{"line":5,"column":42},"end":{"line":12,"column":1}},"line":5},"1":{"name":"(anonymous_1)","decl":{"start":{"line":8,"column":4},"end":{"line":8,"column":5}},"loc":{"start":{"line":8,"column":13},"end":{"line":8,"column":56}},"line":8},"2":{"name":"(anonymous_2)","decl":{"start":{"line":9,"column":11},"end":{"line":9,"column":12}},"loc":{"start":{"line":9,"column":16},"end":{"line":9,"column":27}},"line":9},"3":{"name":"buildResolver","decl":{"start":{"line":14,"column":9},"end":{"line":14,"column":22}},"loc":{"start":{"line":14,"column":54},"end":{"line":42,"column":1}},"line":14},"4":{"name":"(anonymous_4)","decl":{"start":{"line":16,"column":32},"end":{"line":16,"column":33}},"loc":{"start":{"line":16,"column":42},"end":{"line":20,"column":3}},"line":16},"5":{"name":"(anonymous_5)","decl":{"start":{"line":23,"column":32},"end":{"line":23,"column":33}},"loc":{"start":{"line":23,"column":42},"end":{"line":27,"column":3}},"line":23},"6":{"name":"addMethod","decl":{"start":{"line":44,"column":9},"end":{"line":44,"column":18}},"loc":{"start":{"line":44,"column":69},"end":{"line":60,"column":1}},"line":44},"7":{"name":"(anonymous_7)","decl":{"start":{"line":47,"column":52},"end":{"line":47,"column":53}},"loc":{"start":{"line":47,"column":88},"end":{"line":58,"column":5}},"line":47}},"branchMap":{"0":{"loc":{"start":{"line":17,"column":4},"end":{"line":19,"column":5}},"type":"if","locations":[{"start":{"line":17,"column":4},"end":{"line":19,"column":5}},{"start":{"line":17,"column":4},"end":{"line":19,"column":5}}],"line":17},"1":{"loc":{"start":{"line":24,"column":4},"end":{"line":26,"column":5}},"type":"if","locations":[{"start":{"line":24,"column":4},"end":{"line":26,"column":5}},{"start":{"line":24,"column":4},"end":{"line":26,"column":5}}],"line":24},"2":{"loc":{"start":{"line":34,"column":2},"end":{"line":36,"column":3}},"type":"if","locations":[{"start":{"line":34,"column":2},"end":{"line":36,"column":3}},{"start":{"line":34,"column":2},"end":{"line":36,"column":3}}],"line":34},"3":{"loc":{"start":{"line":38,"column":2},"end":{"line":40,"column":3}},"type":"if","locations":[{"start":{"line":38,"column":2},"end":{"line":40,"column":3}},{"start":{"line":38,"column":2},"end":{"line":40,"column":3}}],"line":38},"4":{"loc":{"start":{"line":46,"column":2},"end":{"line":59,"column":3}},"type":"if","locations":[{"start":{"line":46,"column":2},"end":{"line":59,"column":3}},{"start":{"line":46,"column":2},"end":{"line":59,"column":3}}],"line":46}},"s":{"0":2,"1":2,"2":2,"3":1,"4":1,"5":2,"6":2,"7":1,"8":1,"9":2,"10":2,"11":6,"12":3,"13":2,"14":2,"15":6,"16":1,"17":2,"18":2,"19":0,"20":2,"21":1,"22":2,"23":4,"24":4,"25":4,"26":0,"27":0,"28":0,"29":0,"30":0,"31":0,"32":2},"f":{"0":1,"1":2,"2":2,"3":2,"4":6,"5":6,"6":4,"7":0},"b":{"0":[3,3],"1":[1,5],"2":[0,2],"3":[1,1],"4":[4,0]},"_coverageSchema":"1a1c01bbd47fc00a2c39e90264f33305004495a9","hash":"01af3ff353d1ce4e73b0a174d696dd79f5f28ee7"}
,"/Users/charlie/tmp/graphql-server-crud/src/typeDefs.js": {"path":"/Users/charlie/tmp/graphql-server-crud/src/typeDefs.js","statementMap":{"0":{"start":{"line":1,"column":16},"end":{"line":1,"column":40}},"1":{"start":{"line":2,"column":20},"end":{"line":2,"column":44}},"2":{"start":{"line":3,"column":48},"end":{"line":3,"column":66}},"3":{"start":{"line":6,"column":32},"end":{"line":6,"column":66}},"4":{"start":{"line":7,"column":25},"end":{"line":7,"column":61}},"5":{"start":{"line":8,"column":23},"end":{"line":8,"column":89}},"6":{"start":{"line":8,"column":62},"end":{"line":8,"column":87}},"7":{"start":{"line":9,"column":25},"end":{"line":9,"column":110}},"8":{"start":{"line":9,"column":53},"end":{"line":9,"column":84}},"9":{"start":{"line":9,"column":98},"end":{"line":9,"column":109}},"10":{"start":{"line":10,"column":25},"end":{"line":10,"column":96}},"11":{"start":{"line":10,"column":53},"end":{"line":10,"column":70}},"12":{"start":{"line":10,"column":84},"end":{"line":10,"column":95}},"13":{"start":{"line":11,"column":28},"end":{"line":11,"column":102}},"14":{"start":{"line":11,"column":56},"end":{"line":11,"column":76}},"15":{"start":{"line":11,"column":90},"end":{"line":11,"column":101}},"16":{"start":{"line":12,"column":2},"end":{"line":12,"column":88}},"17":{"start":{"line":13,"column":2},"end":{"line":13,"column":17}},"18":{"start":{"line":17,"column":13},"end":{"line":17,"column":15}},"19":{"start":{"line":18,"column":23},"end":{"line":18,"column":25}},"20":{"start":{"line":19,"column":19},"end":{"line":19,"column":21}},"21":{"start":{"line":20,"column":15},"end":{"line":20,"column":17}},"22":{"start":{"line":21,"column":21},"end":{"line":21,"column":23}},"23":{"start":{"line":22,"column":20},"end":{"line":22,"column":42}},"24":{"start":{"line":24,"column":18},"end":{"line":24,"column":46}},"25":{"start":{"line":25,"column":2},"end":{"line":49,"column":3}},"26":{"start":{"line":26,"column":22},"end":{"line":26,"column":44}},"27":{"start":{"line":27,"column":4},"end":{"line":32,"column":5}},"28":{"start":{"line":28,"column":6},"end":{"line":31,"column":8}},"29":{"start":{"line":29,"column":8},"end":{"line":29,"column":55}},"30":{"start":{"line":30,"column":8},"end":{"line":30,"column":63}},"31":{"start":{"line":34,"column":4},"end":{"line":48,"column":5}},"32":{"start":{"line":35,"column":6},"end":{"line":35,"column":47}},"33":{"start":{"line":36,"column":6},"end":{"line":36,"column":56}},"34":{"start":{"line":37,"column":6},"end":{"line":37,"column":55}},"35":{"start":{"line":38,"column":6},"end":{"line":38,"column":64}},"36":{"start":{"line":40,"column":6},"end":{"line":40,"column":43}},"37":{"start":{"line":41,"column":6},"end":{"line":41,"column":51}},"38":{"start":{"line":43,"column":6},"end":{"line":47,"column":7}},"39":{"start":{"line":44,"column":8},"end":{"line":44,"column":55}},"40":{"start":{"line":46,"column":8},"end":{"line":46,"column":93}},"41":{"start":{"line":51,"column":2},"end":{"line":51,"column":41}},"42":{"start":{"line":52,"column":2},"end":{"line":52,"column":42}},"43":{"start":{"line":54,"column":14},"end":{"line":79,"column":3}},"44":{"start":{"line":80,"column":2},"end":{"line":80,"column":20}},"45":{"start":{"line":84,"column":20},"end":{"line":84,"column":42}},"46":{"start":{"line":85,"column":16},"end":{"line":85,"column":18}},"47":{"start":{"line":87,"column":2},"end":{"line":95,"column":3}},"48":{"start":{"line":88,"column":4},"end":{"line":94,"column":60}},"49":{"start":{"line":97,"column":2},"end":{"line":99,"column":3}},"50":{"start":{"line":98,"column":4},"end":{"line":98,"column":62}},"51":{"start":{"line":101,"column":2},"end":{"line":103,"column":3}},"52":{"start":{"line":102,"column":4},"end":{"line":102,"column":76}},"53":{"start":{"line":105,"column":2},"end":{"line":107,"column":3}},"54":{"start":{"line":106,"column":4},"end":{"line":106,"column":85}},"55":{"start":{"line":109,"column":2},"end":{"line":111,"column":3}},"56":{"start":{"line":110,"column":4},"end":{"line":110,"column":15}},"57":{"start":{"line":113,"column":2},"end":{"line":117,"column":5}},"58":{"start":{"line":121,"column":20},"end":{"line":121,"column":42}},"59":{"start":{"line":122,"column":16},"end":{"line":122,"column":18}},"60":{"start":{"line":124,"column":2},"end":{"line":126,"column":3}},"61":{"start":{"line":125,"column":4},"end":{"line":125,"column":78}},"62":{"start":{"line":128,"column":2},"end":{"line":130,"column":3}},"63":{"start":{"line":129,"column":4},"end":{"line":129,"column":78}},"64":{"start":{"line":132,"column":2},"end":{"line":134,"column":3}},"65":{"start":{"line":133,"column":4},"end":{"line":133,"column":78}},"66":{"start":{"line":136,"column":2},"end":{"line":138,"column":3}},"67":{"start":{"line":137,"column":4},"end":{"line":137,"column":86}},"68":{"start":{"line":140,"column":2},"end":{"line":142,"column":3}},"69":{"start":{"line":141,"column":4},"end":{"line":141,"column":86}},"70":{"start":{"line":144,"column":2},"end":{"line":146,"column":3}},"71":{"start":{"line":145,"column":4},"end":{"line":145,"column":86}},"72":{"start":{"line":148,"column":2},"end":{"line":150,"column":3}},"73":{"start":{"line":149,"column":4},"end":{"line":149,"column":15}},"74":{"start":{"line":152,"column":2},"end":{"line":156,"column":3}},"75":{"start":{"line":159,"column":0},"end":{"line":161,"column":1}}},"fnMap":{"0":{"name":"addTypeDefs","decl":{"start":{"line":5,"column":9},"end":{"line":5,"column":20}},"loc":{"start":{"line":5,"column":40},"end":{"line":14,"column":1}},"line":5},"1":{"name":"(anonymous_1)","decl":{"start":{"line":8,"column":50},"end":{"line":8,"column":51}},"loc":{"start":{"line":8,"column":62},"end":{"line":8,"column":87}},"line":8},"2":{"name":"(anonymous_2)","decl":{"start":{"line":9,"column":44},"end":{"line":9,"column":45}},"loc":{"start":{"line":9,"column":53},"end":{"line":9,"column":84}},"line":9},"3":{"name":"(anonymous_3)","decl":{"start":{"line":9,"column":93},"end":{"line":9,"column":94}},"loc":{"start":{"line":9,"column":98},"end":{"line":9,"column":109}},"line":9},"4":{"name":"(anonymous_4)","decl":{"start":{"line":10,"column":44},"end":{"line":10,"column":45}},"loc":{"start":{"line":10,"column":53},"end":{"line":10,"column":70}},"line":10},"5":{"name":"(anonymous_5)","decl":{"start":{"line":10,"column":79},"end":{"line":10,"column":80}},"loc":{"start":{"line":10,"column":84},"end":{"line":10,"column":95}},"line":10},"6":{"name":"(anonymous_6)","decl":{"start":{"line":11,"column":47},"end":{"line":11,"column":48}},"loc":{"start":{"line":11,"column":56},"end":{"line":11,"column":76}},"line":11},"7":{"name":"(anonymous_7)","decl":{"start":{"line":11,"column":85},"end":{"line":11,"column":86}},"loc":{"start":{"line":11,"column":90},"end":{"line":11,"column":101}},"line":11},"8":{"name":"buildTypes","decl":{"start":{"line":16,"column":9},"end":{"line":16,"column":19}},"loc":{"start":{"line":16,"column":42},"end":{"line":81,"column":1}},"line":16},"9":{"name":"(anonymous_9)","decl":{"start":{"line":28,"column":22},"end":{"line":28,"column":23}},"loc":{"start":{"line":28,"column":32},"end":{"line":31,"column":7}},"line":28},"10":{"name":"buildQuery","decl":{"start":{"line":83,"column":9},"end":{"line":83,"column":19}},"loc":{"start":{"line":83,"column":28},"end":{"line":118,"column":1}},"line":83},"11":{"name":"buildMutation","decl":{"start":{"line":120,"column":9},"end":{"line":120,"column":22}},"loc":{"start":{"line":120,"column":31},"end":{"line":157,"column":1}},"line":120}},"branchMap":{"0":{"loc":{"start":{"line":27,"column":4},"end":{"line":32,"column":5}},"type":"if","locations":[{"start":{"line":27,"column":4},"end":{"line":32,"column":5}},{"start":{"line":27,"column":4},"end":{"line":32,"column":5}}],"line":27},"1":{"loc":{"start":{"line":27,"column":8},"end":{"line":27,"column":56}},"type":"binary-expr","locations":[{"start":{"line":27,"column":9},"end":{"line":27,"column":30}},{"start":{"line":27,"column":36},"end":{"line":27,"column":55}}],"line":27},"2":{"loc":{"start":{"line":34,"column":4},"end":{"line":48,"column":5}},"type":"if","locations":[{"start":{"line":34,"column":4},"end":{"line":48,"column":5}},{"start":{"line":34,"column":4},"end":{"line":48,"column":5}}],"line":34},"3":{"loc":{"start":{"line":43,"column":6},"end":{"line":47,"column":7}},"type":"if","locations":[{"start":{"line":43,"column":6},"end":{"line":47,"column":7}},{"start":{"line":43,"column":6},"end":{"line":47,"column":7}}],"line":43},"4":{"loc":{"start":{"line":87,"column":2},"end":{"line":95,"column":3}},"type":"if","locations":[{"start":{"line":87,"column":2},"end":{"line":95,"column":3}},{"start":{"line":87,"column":2},"end":{"line":95,"column":3}}],"line":87},"5":{"loc":{"start":{"line":97,"column":2},"end":{"line":99,"column":3}},"type":"if","locations":[{"start":{"line":97,"column":2},"end":{"line":99,"column":3}},{"start":{"line":97,"column":2},"end":{"line":99,"column":3}}],"line":97},"6":{"loc":{"start":{"line":101,"column":2},"end":{"line":103,"column":3}},"type":"if","locations":[{"start":{"line":101,"column":2},"end":{"line":103,"column":3}},{"start":{"line":101,"column":2},"end":{"line":103,"column":3}}],"line":101},"7":{"loc":{"start":{"line":105,"column":2},"end":{"line":107,"column":3}},"type":"if","locations":[{"start":{"line":105,"column":2},"end":{"line":107,"column":3}},{"start":{"line":105,"column":2},"end":{"line":107,"column":3}}],"line":105},"8":{"loc":{"start":{"line":109,"column":2},"end":{"line":111,"column":3}},"type":"if","locations":[{"start":{"line":109,"column":2},"end":{"line":111,"column":3}},{"start":{"line":109,"column":2},"end":{"line":111,"column":3}}],"line":109},"9":{"loc":{"start":{"line":124,"column":2},"end":{"line":126,"column":3}},"type":"if","locations":[{"start":{"line":124,"column":2},"end":{"line":126,"column":3}},{"start":{"line":124,"column":2},"end":{"line":126,"column":3}}],"line":124},"10":{"loc":{"start":{"line":128,"column":2},"end":{"line":130,"column":3}},"type":"if","locations":[{"start":{"line":128,"column":2},"end":{"line":130,"column":3}},{"start":{"line":128,"column":2},"end":{"line":130,"column":3}}],"line":128},"11":{"loc":{"start":{"line":132,"column":2},"end":{"line":134,"column":3}},"type":"if","locations":[{"start":{"line":132,"column":2},"end":{"line":134,"column":3}},{"start":{"line":132,"column":2},"end":{"line":134,"column":3}}],"line":132},"12":{"loc":{"start":{"line":136,"column":2},"end":{"line":138,"column":3}},"type":"if","locations":[{"start":{"line":136,"column":2},"end":{"line":138,"column":3}},{"start":{"line":136,"column":2},"end":{"line":138,"column":3}}],"line":136},"13":{"loc":{"start":{"line":140,"column":2},"end":{"line":142,"column":3}},"type":"if","locations":[{"start":{"line":140,"column":2},"end":{"line":142,"column":3}},{"start":{"line":140,"column":2},"end":{"line":142,"column":3}}],"line":140},"14":{"loc":{"start":{"line":144,"column":2},"end":{"line":146,"column":3}},"type":"if","locations":[{"start":{"line":144,"column":2},"end":{"line":146,"column":3}},{"start":{"line":144,"column":2},"end":{"line":146,"column":3}}],"line":144},"15":{"loc":{"start":{"line":148,"column":2},"end":{"line":150,"column":3}},"type":"if","locations":[{"start":{"line":148,"column":2},"end":{"line":150,"column":3}},{"start":{"line":148,"column":2},"end":{"line":150,"column":3}}],"line":148}},"s":{"0":1,"1":1,"2":1,"3":1,"4":1,"5":1,"6":2,"7":1,"8":2,"9":2,"10":1,"11":2,"12":2,"13":1,"14":2,"15":2,"16":1,"17":1,"18":2,"19":2,"20":2,"21":2,"22":2,"23":2,"24":2,"25":2,"26":4,"27":4,"28":1,"29":4,"30":4,"31":4,"32":4,"33":4,"34":4,"35":4,"36":4,"37":4,"38":0,"39":0,"40":0,"41":2,"42":2,"43":2,"44":2,"45":2,"46":2,"47":2,"48":0,"49":2,"50":2,"51":2,"52":0,"53":2,"54":0,"55":2,"56":0,"57":2,"58":2,"59":2,"60":2,"61":0,"62":2,"63":1,"64":2,"65":1,"66":2,"67":0,"68":2,"69":0,"70":2,"71":0,"72":2,"73":1,"74":1,"75":1},"f":{"0":1,"1":2,"2":2,"3":2,"4":2,"5":2,"6":2,"7":2,"8":2,"9":4,"10":2,"11":2},"b":{"0":[1,3],"1":[4,3],"2":[4,0],"3":[0,0],"4":[0,2],"5":[2,0],"6":[0,2],"7":[0,2],"8":[0,2],"9":[0,2],"10":[1,1],"11":[1,1],"12":[0,2],"13":[0,2],"14":[0,2],"15":[1,1]},"_coverageSchema":"1a1c01bbd47fc00a2c39e90264f33305004495a9","hash":"bd46132e0e315c8336b84fd958ed21853f5aaf16"}
,"/Users/charlie/tmp/graphql-server-crud/src/utils.js": {"path":"/Users/charlie/tmp/graphql-server-crud/src/utils.js","statementMap":{"0":{"start":{"line":1,"column":10},"end":{"line":1,"column":27}},"1":{"start":{"line":4,"column":2},"end":{"line":4,"column":81}},"2":{"start":{"line":8,"column":2},"end":{"line":12,"column":3}},"3":{"start":{"line":9,"column":4},"end":{"line":9,"column":22}},"4":{"start":{"line":11,"column":4},"end":{"line":11,"column":16}},"5":{"start":{"line":16,"column":2},"end":{"line":18,"column":3}},"6":{"start":{"line":16,"column":19},"end":{"line":16,"column":20}},"7":{"start":{"line":17,"column":4},"end":{"line":17,"column":46}},"8":{"start":{"line":22,"column":14},"end":{"line":22,"column":16}},"9":{"start":{"line":23,"column":2},"end":{"line":29,"column":4}},"10":{"start":{"line":24,"column":4},"end":{"line":28,"column":5}},"11":{"start":{"line":25,"column":6},"end":{"line":25,"column":66}},"12":{"start":{"line":26,"column":11},"end":{"line":28,"column":5}},"13":{"start":{"line":27,"column":6},"end":{"line":27,"column":44}},"14":{"start":{"line":30,"column":2},"end":{"line":30,"column":12}},"15":{"start":{"line":34,"column":2},"end":{"line":36,"column":3}},"16":{"start":{"line":35,"column":4},"end":{"line":35,"column":34}},"17":{"start":{"line":38,"column":32},"end":{"line":38,"column":34}},"18":{"start":{"line":39,"column":2},"end":{"line":46,"column":4}},"19":{"start":{"line":40,"column":26},"end":{"line":40,"column":46}},"20":{"start":{"line":41,"column":17},"end":{"line":41,"column":61}},"21":{"start":{"line":42,"column":4},"end":{"line":44,"column":5}},"22":{"start":{"line":43,"column":6},"end":{"line":43,"column":84}},"23":{"start":{"line":45,"column":4},"end":{"line":45,"column":47}},"24":{"start":{"line":48,"column":2},"end":{"line":48,"column":30}},"25":{"start":{"line":51,"column":0},"end":{"line":57,"column":1}}},"fnMap":{"0":{"name":"isEmpty","decl":{"start":{"line":3,"column":9},"end":{"line":3,"column":16}},"loc":{"start":{"line":3,"column":23},"end":{"line":5,"column":1}},"line":3},"1":{"name":"buildInstance","decl":{"start":{"line":7,"column":9},"end":{"line":7,"column":22}},"loc":{"start":{"line":7,"column":31},"end":{"line":13,"column":1}},"line":7},"2":{"name":"asyncForEach","decl":{"start":{"line":15,"column":15},"end":{"line":15,"column":27}},"loc":{"start":{"line":15,"column":46},"end":{"line":19,"column":1}},"line":15},"3":{"name":"getSelectionFields","decl":{"start":{"line":21,"column":9},"end":{"line":21,"column":27}},"loc":{"start":{"line":21,"column":43},"end":{"line":31,"column":1}},"line":21},"4":{"name":"(anonymous_4)","decl":{"start":{"line":23,"column":34},"end":{"line":23,"column":35}},"loc":{"start":{"line":23,"column":42},"end":{"line":29,"column":3}},"line":23},"5":{"name":"buildModelInstancesMapping","decl":{"start":{"line":33,"column":9},"end":{"line":33,"column":35}},"loc":{"start":{"line":33,"column":45},"end":{"line":49,"column":1}},"line":33},"6":{"name":"(anonymous_6)","decl":{"start":{"line":39,"column":17},"end":{"line":39,"column":18}},"loc":{"start":{"line":39,"column":26},"end":{"line":46,"column":3}},"line":39}},"branchMap":{"0":{"loc":{"start":{"line":4,"column":9},"end":{"line":4,"column":81}},"type":"binary-expr","locations":[{"start":{"line":4,"column":10},"end":{"line":4,"column":27}},{"start":{"line":4,"column":33},"end":{"line":4,"column":45}},{"start":{"line":4,"column":51},"end":{"line":4,"column":80}}],"line":4},"1":{"loc":{"start":{"line":8,"column":2},"end":{"line":12,"column":3}},"type":"if","locations":[{"start":{"line":8,"column":2},"end":{"line":12,"column":3}},{"start":{"line":8,"column":2},"end":{"line":12,"column":3}}],"line":8},"2":{"loc":{"start":{"line":24,"column":4},"end":{"line":28,"column":5}},"type":"if","locations":[{"start":{"line":24,"column":4},"end":{"line":28,"column":5}},{"start":{"line":24,"column":4},"end":{"line":28,"column":5}}],"line":24},"3":{"loc":{"start":{"line":26,"column":11},"end":{"line":28,"column":5}},"type":"if","locations":[{"start":{"line":26,"column":11},"end":{"line":28,"column":5}},{"start":{"line":26,"column":11},"end":{"line":28,"column":5}}],"line":26},"4":{"loc":{"start":{"line":34,"column":2},"end":{"line":36,"column":3}},"type":"if","locations":[{"start":{"line":34,"column":2},"end":{"line":36,"column":3}},{"start":{"line":34,"column":2},"end":{"line":36,"column":3}}],"line":34},"5":{"loc":{"start":{"line":42,"column":4},"end":{"line":44,"column":5}},"type":"if","locations":[{"start":{"line":42,"column":4},"end":{"line":44,"column":5}},{"start":{"line":42,"column":4},"end":{"line":44,"column":5}}],"line":42}},"s":{"0":3,"1":16,"2":4,"3":4,"4":0,"5":1,"6":1,"7":3,"8":2,"9":2,"10":4,"11":1,"12":3,"13":3,"14":2,"15":2,"16":0,"17":2,"18":2,"19":4,"20":4,"21":4,"22":0,"23":4,"24":2,"25":3},"f":{"0":16,"1":4,"2":1,"3":2,"4":4,"5":2,"6":4},"b":{"0":[16,15,13],"1":[4,0],"2":[1,3],"3":[3,0],"4":[0,2],"5":[0,4]},"_coverageSchema":"1a1c01bbd47fc00a2c39e90264f33305004495a9","hash":"6bcdfd028817dd45fd1673eae8b15d77b044ebb4"}
}
