TN:
SF:src/ModelBase.js
FN:44,(anonymous_0)
FN:52,(anonymous_1)
FN:57,(anonymous_2)
FN:66,(anonymous_3)
FN:73,(anonymous_4)
FN:80,(anonymous_5)
FN:87,(anonymous_6)
FN:90,(anonymous_7)
FN:101,(anonymous_8)
FN:107,(anonymous_9)
FN:109,(anonymous_10)
FN:115,(anonymous_11)
FN:134,(anonymous_12)
FN:142,(anonymous_13)
FN:144,(anonymous_14)
FN:146,(anonymous_15)
FN:146,(anonymous_16)
FN:164,(anonymous_17)
FN:168,(anonymous_18)
FN:174,(anonymous_19)
FN:191,(anonymous_20)
FN:200,(anonymous_21)
FN:215,(anonymous_22)
FN:219,(anonymous_23)
FN:221,(anonymous_24)
FN:223,(anonymous_25)
FN:233,(anonymous_26)
FNF:27
FNH:0
FNDA:0,(anonymous_0)
FNDA:0,(anonymous_1)
FNDA:0,(anonymous_2)
FNDA:0,(anonymous_3)
FNDA:0,(anonymous_4)
FNDA:0,(anonymous_5)
FNDA:0,(anonymous_6)
FNDA:0,(anonymous_7)
FNDA:0,(anonymous_8)
FNDA:0,(anonymous_9)
FNDA:0,(anonymous_10)
FNDA:0,(anonymous_11)
FNDA:0,(anonymous_12)
FNDA:0,(anonymous_13)
FNDA:0,(anonymous_14)
FNDA:0,(anonymous_15)
FNDA:0,(anonymous_16)
FNDA:0,(anonymous_17)
FNDA:0,(anonymous_18)
FNDA:0,(anonymous_19)
FNDA:0,(anonymous_20)
FNDA:0,(anonymous_21)
FNDA:0,(anonymous_22)
FNDA:0,(anonymous_23)
FNDA:0,(anonymous_24)
FNDA:0,(anonymous_25)
FNDA:0,(anonymous_26)
DA:2,1
DA:3,1
DA:4,1
DA:5,1
DA:6,1
DA:10,0
DA:13,0
DA:16,0
DA:19,0
DA:22,0
DA:23,0
DA:24,0
DA:27,0
DA:30,0
DA:33,0
DA:45,0
DA:47,0
DA:48,0
DA:49,0
DA:53,0
DA:54,0
DA:58,0
DA:59,0
DA:60,0
DA:62,0
DA:63,0
DA:67,0
DA:68,0
DA:70,0
DA:74,0
DA:75,0
DA:77,0
DA:81,0
DA:82,0
DA:84,0
DA:89,0
DA:90,0
DA:91,0
DA:95,0
DA:96,0
DA:98,0
DA:102,0
DA:103,0
DA:104,0
DA:108,0
DA:109,0
DA:110,0
DA:112,0
DA:116,0
DA:118,0
DA:119,0
DA:120,0
DA:121,0
DA:124,0
DA:125,0
DA:127,0
DA:128,0
DA:130,0
DA:135,0
DA:136,0
DA:137,0
DA:138,0
DA:143,0
DA:144,0
DA:145,0
DA:146,0
DA:147,0
DA:149,0
DA:150,0
DA:152,0
DA:158,0
DA:159,0
DA:160,0
DA:161,0
DA:163,0
DA:164,0
DA:165,0
DA:168,0
DA:169,0
DA:175,0
DA:177,0
DA:178,0
DA:179,0
DA:181,0
DA:184,0
DA:185,0
DA:188,0
DA:192,0
DA:193,0
DA:194,0
DA:195,0
DA:196,0
DA:201,0
DA:202,0
DA:203,0
DA:205,0
DA:207,0
DA:208,0
DA:209,0
DA:212,0
DA:216,0
DA:224,0
DA:225,0
DA:226,0
DA:227,0
DA:230,0
DA:234,0
DA:235,0
DA:236,0
DA:237,0
DA:240,0
DA:244,1
LF:112
LH:6
BRDA:118,0,0,0
BRDA:118,0,1,0
BRDA:127,1,0,0
BRDA:127,1,1,0
BRDA:127,2,0,0
BRDA:127,2,1,0
BRDA:136,3,0,0
BRDA:136,3,1,0
BRDA:138,4,0,0
BRDA:138,4,1,0
BRDA:169,5,0,0
BRDA:169,5,1,0
BRDA:178,6,0,0
BRDA:178,6,1,0
BRDA:184,7,0,0
BRDA:184,7,1,0
BRDA:192,8,0,0
BRDA:192,8,1,0
BRDA:202,9,0,0
BRDA:202,9,1,0
BRDA:202,10,0,0
BRDA:202,10,1,0
BRDA:208,11,0,0
BRDA:208,11,1,0
BRDA:208,12,0,0
BRDA:208,12,1,0
BRDA:226,13,0,0
BRDA:226,13,1,0
BRDA:236,14,0,0
BRDA:236,14,1,0
BRF:30
BRH:0
end_of_record
TN:
SF:src/commonTypes.js
FNF:0
FNH:0
DA:1,1
DA:3,1
DA:62,1
LF:3
LH:3
BRF:0
BRH:0
end_of_record
TN:
SF:src/constants.js
FNF:0
FNH:0
DA:1,2
DA:3,2
LF:2
LH:2
BRF:0
BRH:0
end_of_record
TN:
SF:src/index.js
FNF:0
FNH:0
DA:1,1
DA:2,1
DA:3,1
DA:4,1
DA:5,1
DA:7,1
LF:6
LH:6
BRF:0
BRH:0
end_of_record
TN:
SF:src/knexTransform.js
FN:22,operatorMap
FN:42,addWhere
FN:52,(anonymous_2)
FN:72,(anonymous_3)
FN:73,(anonymous_4)
FN:82,(anonymous_5)
FN:83,(anonymous_6)
FN:91,where
FN:96,groupBy
FN:101,(anonymous_9)
FN:106,having
FN:112,(anonymous_11)
FN:136,getSelectedFieldsString
FN:148,getFields
FN:154,(anonymous_14)
FN:170,transformRead
FN:176,(anonymous_16)
FNF:17
FNH:0
FNDA:0,operatorMap
FNDA:0,addWhere
FNDA:0,(anonymous_2)
FNDA:0,(anonymous_3)
FNDA:0,(anonymous_4)
FNDA:0,(anonymous_5)
FNDA:0,(anonymous_6)
FNDA:0,where
FNDA:0,groupBy
FNDA:0,(anonymous_9)
FNDA:0,having
FNDA:0,(anonymous_11)
FNDA:0,getSelectedFieldsString
FNDA:0,getFields
FNDA:0,(anonymous_14)
FNDA:0,transformRead
FNDA:0,(anonymous_16)
DA:1,1
DA:3,1
DA:4,1
DA:6,1
DA:14,1
DA:23,0
DA:34,0
DA:35,0
DA:36,0
DA:39,0
DA:43,0
DA:44,0
DA:47,0
DA:49,0
DA:52,0
DA:53,0
DA:54,0
DA:55,0
DA:58,0
DA:59,0
DA:60,0
DA:61,0
DA:62,0
DA:64,0
DA:65,0
DA:70,0
DA:71,0
DA:72,0
DA:73,0
DA:74,0
DA:80,0
DA:81,0
DA:82,0
DA:83,0
DA:85,0
DA:93,0
DA:97,0
DA:98,0
DA:101,0
DA:102,0
DA:107,0
DA:108,0
DA:111,0
DA:112,0
DA:113,0
DA:114,0
DA:115,0
DA:117,0
DA:118,0
DA:119,0
DA:122,0
DA:123,0
DA:124,0
DA:125,0
DA:126,0
DA:127,0
DA:128,0
DA:129,0
DA:131,0
DA:137,0
DA:138,0
DA:139,0
DA:140,0
DA:142,0
DA:145,0
DA:149,0
DA:150,0
DA:151,0
DA:154,0
DA:155,0
DA:156,0
DA:157,0
DA:158,0
DA:160,0
DA:163,0
DA:167,0
DA:171,0
DA:172,0
DA:175,0
DA:176,0
DA:177,0
DA:178,0
DA:180,0
DA:185,0
DA:186,0
DA:187,0
DA:189,0
DA:190,0
DA:191,0
DA:194,0
DA:195,0
DA:198,0
DA:201,1
LF:93
LH:6
BRDA:35,0,0,0
BRDA:35,0,1,0
BRDA:43,1,0,0
BRDA:43,1,1,0
BRDA:54,2,0,0
BRDA:54,2,1,0
BRDA:60,3,0,0
BRDA:60,3,1,0
BRDA:61,4,0,0
BRDA:61,4,1,0
BRDA:64,5,0,0
BRDA:64,5,1,0
BRDA:70,6,0,0
BRDA:70,6,1,0
BRDA:80,7,0,0
BRDA:80,7,1,0
BRDA:97,8,0,0
BRDA:97,8,1,0
BRDA:107,9,0,0
BRDA:107,9,1,0
BRDA:117,10,0,0
BRDA:117,10,1,0
BRDA:122,11,0,0
BRDA:122,11,1,0
BRDA:124,12,0,0
BRDA:124,12,1,0
BRDA:126,13,0,0
BRDA:126,13,1,0
BRDA:128,14,0,0
BRDA:128,14,1,0
BRDA:139,15,0,0
BRDA:139,15,1,0
BRDA:150,16,0,0
BRDA:150,16,1,0
BRDA:155,17,0,0
BRDA:155,17,1,0
BRDA:157,18,0,0
BRDA:157,18,1,0
BRDA:175,19,0,0
BRDA:175,19,1,0
BRDA:177,20,0,0
BRDA:177,20,1,0
BRDA:190,21,0,0
BRDA:190,21,1,0
BRDA:194,22,0,0
BRDA:194,22,1,0
BRF:46
BRH:0
end_of_record
TN:
SF:src/resolvers.js
FN:5,addResolvers
FN:8,(anonymous_1)
FN:9,(anonymous_2)
FN:14,buildResolver
FN:16,(anonymous_4)
FN:23,(anonymous_5)
FN:44,addMethod
FN:47,(anonymous_7)
FNF:8
FNH:7
FNDA:1,addResolvers
FNDA:2,(anonymous_1)
FNDA:2,(anonymous_2)
FNDA:2,buildResolver
FNDA:6,(anonymous_4)
FNDA:6,(anonymous_5)
FNDA:4,addMethod
FNDA:0,(anonymous_7)
DA:1,2
DA:2,2
DA:3,2
DA:6,1
DA:7,1
DA:8,2
DA:9,2
DA:10,1
DA:11,1
DA:15,2
DA:16,2
DA:17,6
DA:18,3
DA:22,2
DA:23,2
DA:24,6
DA:25,1
DA:29,2
DA:34,2
DA:35,0
DA:38,2
DA:39,1
DA:41,2
DA:45,4
DA:46,4
DA:47,4
DA:48,0
DA:49,0
DA:54,0
DA:55,0
DA:56,0
DA:57,0
DA:62,2
LF:33
LH:26
BRDA:17,0,0,3
BRDA:17,0,1,3
BRDA:24,1,0,1
BRDA:24,1,1,5
BRDA:34,2,0,0
BRDA:34,2,1,2
BRDA:38,3,0,1
BRDA:38,3,1,1
BRDA:46,4,0,4
BRDA:46,4,1,0
BRF:10
BRH:8
end_of_record
TN:
SF:src/typeDefs.js
FN:5,addTypeDefs
FN:8,(anonymous_1)
FN:9,(anonymous_2)
FN:9,(anonymous_3)
FN:10,(anonymous_4)
FN:10,(anonymous_5)
FN:11,(anonymous_6)
FN:11,(anonymous_7)
FN:16,buildTypes
FN:28,(anonymous_9)
FN:83,buildQuery
FN:120,buildMutation
FNF:12
FNH:12
FNDA:1,addTypeDefs
FNDA:2,(anonymous_1)
FNDA:2,(anonymous_2)
FNDA:2,(anonymous_3)
FNDA:2,(anonymous_4)
FNDA:2,(anonymous_5)
FNDA:2,(anonymous_6)
FNDA:2,(anonymous_7)
FNDA:2,buildTypes
FNDA:4,(anonymous_9)
FNDA:2,buildQuery
FNDA:2,buildMutation
DA:1,1
DA:2,1
DA:3,1
DA:6,1
DA:7,1
DA:8,2
DA:9,2
DA:10,2
DA:11,2
DA:12,1
DA:13,1
DA:17,2
DA:18,2
DA:19,2
DA:20,2
DA:21,2
DA:22,2
DA:24,2
DA:25,2
DA:26,4
DA:27,4
DA:28,1
DA:29,4
DA:30,4
DA:34,4
DA:35,4
DA:36,4
DA:37,4
DA:38,4
DA:40,4
DA:41,4
DA:43,0
DA:44,0
DA:46,0
DA:51,2
DA:52,2
DA:54,2
DA:80,2
DA:84,2
DA:85,2
DA:87,2
DA:88,0
DA:97,2
DA:98,2
DA:101,2
DA:102,0
DA:105,2
DA:106,0
DA:109,2
DA:110,0
DA:113,2
DA:121,2
DA:122,2
DA:124,2
DA:125,0
DA:128,2
DA:129,1
DA:132,2
DA:133,1
DA:136,2
DA:137,0
DA:140,2
DA:141,0
DA:144,2
DA:145,0
DA:148,2
DA:149,1
DA:152,1
DA:159,1
LF:69
LH:58
BRDA:27,0,0,1
BRDA:27,0,1,3
BRDA:27,1,0,4
BRDA:27,1,1,3
BRDA:34,2,0,4
BRDA:34,2,1,0
BRDA:43,3,0,0
BRDA:43,3,1,0
BRDA:87,4,0,0
BRDA:87,4,1,2
BRDA:97,5,0,2
BRDA:97,5,1,0
BRDA:101,6,0,0
BRDA:101,6,1,2
BRDA:105,7,0,0
BRDA:105,7,1,2
BRDA:109,8,0,0
BRDA:109,8,1,2
BRDA:124,9,0,0
BRDA:124,9,1,2
BRDA:128,10,0,1
BRDA:128,10,1,1
BRDA:132,11,0,1
BRDA:132,11,1,1
BRDA:136,12,0,0
BRDA:136,12,1,2
BRDA:140,13,0,0
BRDA:140,13,1,2
BRDA:144,14,0,0
BRDA:144,14,1,2
BRDA:148,15,0,1
BRDA:148,15,1,1
BRF:32
BRH:20
end_of_record
TN:
SF:src/utils.js
FN:3,isEmpty
FN:7,buildInstance
FN:15,asyncForEach
FN:21,getSelectionFields
FN:23,(anonymous_4)
FN:33,buildModelInstancesMapping
FN:39,(anonymous_6)
FNF:7
FNH:7
FNDA:16,isEmpty
FNDA:4,buildInstance
FNDA:1,asyncForEach
FNDA:2,getSelectionFields
FNDA:4,(anonymous_4)
FNDA:2,buildModelInstancesMapping
FNDA:4,(anonymous_6)
DA:1,3
DA:4,16
DA:8,4
DA:9,4
DA:11,0
DA:16,1
DA:17,3
DA:22,2
DA:23,2
DA:24,4
DA:25,1
DA:26,3
DA:27,3
DA:30,2
DA:34,2
DA:35,0
DA:38,2
DA:39,2
DA:40,4
DA:41,4
DA:42,4
DA:43,0
DA:45,4
DA:48,2
DA:51,3
LF:25
LH:22
BRDA:4,0,0,16
BRDA:4,0,1,15
BRDA:4,0,2,13
BRDA:8,1,0,4
BRDA:8,1,1,0
BRDA:24,2,0,1
BRDA:24,2,1,3
BRDA:26,3,0,3
BRDA:26,3,1,0
BRDA:34,4,0,0
BRDA:34,4,1,2
BRDA:42,5,0,0
BRDA:42,5,1,4
BRF:13
BRH:9
end_of_record
