TN:
SF:src/ModelBase.js
FN:47,(anonymous_0)
FN:55,(anonymous_1)
FN:60,(anonymous_2)
FN:69,(anonymous_3)
FN:76,(anonymous_4)
FN:83,(anonymous_5)
FN:90,(anonymous_6)
FN:93,(anonymous_7)
FN:101,(anonymous_8)
FN:107,(anonymous_9)
FN:109,(anonymous_10)
FN:115,(anonymous_11)
FN:136,(anonymous_12)
FN:139,(anonymous_13)
FN:144,(anonymous_14)
FN:162,(anonymous_15)
FN:170,(anonymous_16)
FN:179,(anonymous_17)
FN:194,(anonymous_18)
FN:196,(anonymous_19)
FNF:20
FNH:20
FNDA:12,(anonymous_0)
FNDA:11,(anonymous_1)
FNDA:1,(anonymous_2)
FNDA:1,(anonymous_3)
FNDA:1,(anonymous_4)
FNDA:4,(anonymous_5)
FNDA:1,(anonymous_6)
FNDA:2,(anonymous_7)
FNDA:1,(anonymous_8)
FNDA:1,(anonymous_9)
FNDA:3,(anonymous_10)
FNDA:20,(anonymous_11)
FNDA:20,(anonymous_12)
FNDA:36,(anonymous_13)
FNDA:20,(anonymous_14)
FNDA:12,(anonymous_15)
FNDA:20,(anonymous_16)
FNDA:12,(anonymous_17)
FNDA:19,(anonymous_18)
FNDA:19,(anonymous_19)
DA:2,1
DA:3,1
DA:4,1
DA:5,1
DA:6,1
DA:10,14
DA:13,14
DA:16,14
DA:19,14
DA:22,14
DA:23,14
DA:24,14
DA:27,14
DA:30,14
DA:33,14
DA:36,14
DA:48,12
DA:50,12
DA:51,12
DA:52,12
DA:56,11
DA:57,11
DA:61,1
DA:62,1
DA:63,1
DA:65,1
DA:66,1
DA:70,1
DA:71,1
DA:73,1
DA:77,1
DA:78,1
DA:80,1
DA:84,4
DA:85,4
DA:87,4
DA:92,1
DA:93,1
DA:94,2
DA:95,2
DA:96,2
DA:98,1
DA:102,1
DA:103,1
DA:104,1
DA:108,1
DA:109,3
DA:110,1
DA:112,1
DA:116,20
DA:118,18
DA:119,18
DA:120,18
DA:121,18
DA:124,18
DA:125,18
DA:126,12
DA:129,18
DA:130,13
DA:132,5
DA:137,20
DA:138,20
DA:139,36
DA:140,17
DA:145,20
DA:147,20
DA:148,20
DA:149,19
DA:151,1
DA:155,20
DA:156,20
DA:159,20
DA:163,12
DA:164,11
DA:166,1
DA:172,20
DA:180,12
DA:181,12
DA:182,11
DA:184,12
DA:186,12
DA:187,12
DA:188,11
DA:191,12
DA:199,1
LF:85
LH:85
BRDA:118,0,0,18
BRDA:118,0,1,0
BRDA:125,1,0,12
BRDA:125,1,1,6
BRDA:129,2,0,13
BRDA:129,2,1,5
BRDA:129,3,0,18
BRDA:129,3,1,7
BRDA:138,4,0,19
BRDA:138,4,1,1
BRDA:140,5,0,16
BRDA:140,5,1,1
BRDA:148,6,0,19
BRDA:148,6,1,1
BRDA:155,7,0,20
BRDA:155,7,1,0
BRDA:163,8,0,11
BRDA:163,8,1,1
BRDA:172,9,0,20
BRDA:181,10,0,11
BRDA:181,10,1,1
BRDA:181,11,0,12
BRDA:181,11,1,11
BRDA:187,12,0,11
BRDA:187,12,1,1
BRDA:187,13,0,12
BRDA:187,13,1,11
BRF:27
BRH:25
end_of_record
TN:
SF:src/commonTypes.js
FNF:0
FNH:0
DA:1,1
DA:3,1
DA:62,1
LF:3
LH:3
BRF:0
BRH:0
end_of_record
TN:
SF:src/constants.js
FNF:0
FNH:0
DA:1,1
DA:2,1
DA:3,1
DA:4,1
DA:6,1
LF:5
LH:5
BRF:0
BRH:0
end_of_record
TN:
SF:src/index.js
FNF:0
FNH:0
DA:1,1
DA:2,1
DA:3,1
DA:4,1
DA:5,1
DA:7,1
LF:6
LH:6
BRF:0
BRH:0
end_of_record
TN:
SF:src/knexTransform.js
FN:41,operatorMap
FN:62,addWhere
FN:72,(anonymous_2)
FN:92,(anonymous_3)
FN:93,(anonymous_4)
FN:102,(anonymous_5)
FN:103,(anonymous_6)
FN:111,addOn
FN:119,(anonymous_8)
FN:133,where
FN:138,groupBy
FN:143,(anonymous_11)
FN:148,having
FN:154,(anonymous_13)
FN:175,getFields
FN:177,(anonymous_15)
FN:179,(anonymous_16)
FN:195,join
FN:197,(anonymous_18)
FN:210,(anonymous_19)
FN:214,(anonymous_20)
FN:219,(anonymous_21)
FN:229,(anonymous_22)
FN:238,transformRead
FN:245,(anonymous_24)
FN:271,getTableNames
FN:275,(anonymous_26)
FN:285,buildModelResultMapping
FN:290,(anonymous_28)
FN:295,(anonymous_29)
FN:301,(anonymous_30)
FN:304,(anonymous_31)
FN:310,(anonymous_32)
FN:342,getParentChild
FN:343,dfs
FN:345,(anonymous_35)
FN:356,fillNestedValue
FN:360,(anonymous_37)
FN:362,(anonymous_38)
FN:365,(anonymous_39)
FN:372,buildFiledTableMapping
FN:381,saveOrders
FN:383,(anonymous_42)
FN:389,transformReadResult
FN:395,(anonymous_44)
FNF:45
FNH:45
FNDA:15,operatorMap
FNDA:24,addWhere
FNDA:36,(anonymous_2)
FNDA:2,(anonymous_3)
FNDA:4,(anonymous_4)
FNDA:6,(anonymous_5)
FNDA:8,(anonymous_6)
FNDA:13,addOn
FNDA:5,(anonymous_8)
FNDA:12,where
FNDA:12,groupBy
FNDA:2,(anonymous_11)
FNDA:12,having
FNDA:2,(anonymous_13)
FNDA:12,getFields
FNDA:28,(anonymous_15)
FNDA:28,(anonymous_16)
FNDA:25,join
FNDA:13,(anonymous_18)
FNDA:1,(anonymous_19)
FNDA:1,(anonymous_20)
FNDA:12,(anonymous_21)
FNDA:30,(anonymous_22)
FNDA:12,transformRead
FNDA:9,(anonymous_24)
FNDA:11,getTableNames
FNDA:50,(anonymous_26)
FNDA:11,buildModelResultMapping
FNDA:24,(anonymous_28)
FNDA:13,(anonymous_29)
FNDA:260,(anonymous_30)
FNDA:750,(anonymous_31)
FNDA:490,(anonymous_32)
FNDA:11,getParentChild
FNDA:24,dfs
FNDA:13,(anonymous_35)
FNDA:138,fillNestedValue
FNDA:74,(anonymous_37)
FNDA:314,(anonymous_38)
FNDA:131,(anonymous_39)
FNDA:11,buildFiledTableMapping
FNDA:11,saveOrders
FNDA:260,(anonymous_42)
FNDA:12,transformReadResult
FNDA:256,(anonymous_44)
DA:1,1
DA:2,1
DA:3,1
DA:5,1
DA:6,1
DA:7,1
DA:9,1
DA:17,1
DA:25,1
DA:33,1
DA:42,15
DA:53,15
DA:55,15
DA:59,15
DA:63,24
DA:64,1
DA:67,23
DA:69,23
DA:72,23
DA:73,36
DA:74,36
DA:75,6
DA:78,30
DA:79,30
DA:80,30
DA:81,17
DA:82,17
DA:84,13
DA:85,13
DA:90,23
DA:91,1
DA:92,1
DA:93,2
DA:94,4
DA:100,23
DA:101,5
DA:102,5
DA:103,6
DA:105,8
DA:112,13
DA:113,9
DA:116,4
DA:119,4
DA:120,5
DA:121,5
DA:122,5
DA:124,5
DA:125,4
DA:126,4
DA:128,1
DA:135,12
DA:139,12
DA:140,11
DA:143,1
DA:144,2
DA:149,12
DA:150,11
DA:153,1
DA:154,1
DA:155,2
DA:156,2
DA:157,2
DA:159,2
DA:160,1
DA:161,1
DA:163,1
DA:166,2
DA:167,1
DA:168,1
DA:170,1
DA:176,12
DA:177,28
DA:179,12
DA:180,28
DA:181,2
DA:182,2
DA:183,1
DA:185,1
DA:188,26
DA:192,12
DA:196,25
DA:197,25
DA:198,13
DA:199,13
DA:200,13
DA:201,13
DA:202,13
DA:205,13
DA:209,13
DA:210,1
DA:211,1
DA:214,1
DA:215,1
DA:216,1
DA:219,12
DA:220,12
DA:221,12
DA:226,13
DA:228,13
DA:229,13
DA:230,30
DA:231,30
DA:234,13
DA:239,12
DA:240,12
DA:241,12
DA:244,12
DA:245,9
DA:246,9
DA:247,8
DA:249,1
DA:254,12
DA:255,12
DA:256,12
DA:259,12
DA:260,1
DA:263,12
DA:264,12
DA:265,12
DA:266,12
DA:268,12
DA:272,11
DA:273,11
DA:274,11
DA:275,11
DA:276,50
DA:277,50
DA:282,11
DA:286,11
DA:287,11
DA:289,11
DA:290,11
DA:291,24
DA:294,11
DA:295,11
DA:296,13
DA:297,13
DA:298,13
DA:301,11
DA:302,260
DA:304,260
DA:305,750
DA:306,750
DA:307,750
DA:310,260
DA:311,490
DA:312,490
DA:313,490
DA:314,490
DA:315,135
DA:319,260
DA:320,1520
DA:321,1520
DA:322,1520
DA:323,1520
DA:329,11
DA:330,11
DA:331,13
DA:332,127
DA:334,127
DA:339,11
DA:344,24
DA:345,24
DA:346,13
DA:347,13
DA:351,11
DA:352,11
DA:353,11
DA:357,138
DA:358,138
DA:359,138
DA:360,138
DA:361,74
DA:362,74
DA:363,314
DA:364,314
DA:365,131
DA:366,127
DA:373,11
DA:374,11
DA:375,11
DA:376,77
DA:378,11
DA:382,11
DA:383,11
DA:384,260
DA:386,11
DA:390,12
DA:391,11
DA:392,11
DA:393,11
DA:394,11
DA:395,256
DA:396,11
DA:397,11
DA:400,1
LF:196
LH:196
BRDA:55,0,0,15
BRDA:63,1,0,1
BRDA:63,1,1,23
BRDA:74,2,0,6
BRDA:74,2,1,30
BRDA:80,3,0,17
BRDA:80,3,1,13
BRDA:81,4,0,17
BRDA:81,4,1,0
BRDA:84,5,0,13
BRDA:84,5,1,0
BRDA:90,6,0,1
BRDA:90,6,1,22
BRDA:100,7,0,5
BRDA:100,7,1,18
BRDA:112,8,0,9
BRDA:112,8,1,4
BRDA:124,9,0,4
BRDA:124,9,1,1
BRDA:139,10,0,11
BRDA:139,10,1,1
BRDA:149,11,0,11
BRDA:149,11,1,1
BRDA:159,12,0,1
BRDA:159,12,1,1
BRDA:166,13,0,1
BRDA:166,13,1,1
BRDA:180,14,0,2
BRDA:180,14,1,26
BRDA:182,15,0,1
BRDA:182,15,1,1
BRDA:202,16,0,13
BRDA:202,16,1,4
BRDA:205,17,0,13
BRDA:209,18,0,1
BRDA:209,18,1,12
BRDA:244,19,0,9
BRDA:244,19,1,3
BRDA:246,20,0,8
BRDA:246,20,1,1
BRDA:255,21,0,12
BRDA:255,21,1,0
BRDA:259,22,0,1
BRDA:259,22,1,11
BRDA:273,23,0,11
BRDA:273,23,1,0
BRDA:276,24,0,50
BRDA:276,24,1,0
BRDA:297,25,0,13
BRDA:297,25,1,11
BRDA:314,26,0,135
BRDA:314,26,1,355
BRDA:314,27,0,490
BRDA:314,27,1,326
BRDA:320,28,0,1520
BRDA:320,28,1,0
BRDA:364,29,0,127
BRDA:364,29,1,187
BRDA:390,30,0,1
BRDA:390,30,1,11
BRF:60
BRH:54
end_of_record
TN:
SF:src/resolvers.js
FN:7,addResolvers
FN:10,(anonymous_1)
FN:11,(anonymous_2)
FN:16,buildResolver
FN:18,(anonymous_4)
FN:25,(anonymous_5)
FN:46,addMethod
FN:49,(anonymous_7)
FNF:8
FNH:8
FNDA:1,addResolvers
FNDA:7,(anonymous_1)
FNDA:7,(anonymous_2)
FNDA:7,buildResolver
FNDA:24,(anonymous_4)
FNDA:24,(anonymous_5)
FNDA:24,addMethod
FNDA:19,(anonymous_7)
DA:1,1
DA:2,1
DA:3,1
DA:4,1
DA:5,1
DA:8,1
DA:9,1
DA:10,7
DA:11,7
DA:12,1
DA:13,1
DA:17,7
DA:18,7
DA:19,24
DA:20,12
DA:24,7
DA:25,7
DA:26,24
DA:27,12
DA:31,7
DA:36,7
DA:37,1
DA:40,7
DA:41,5
DA:43,7
DA:47,24
DA:48,24
DA:49,24
DA:50,19
DA:52,19
DA:56,19
DA:57,19
DA:58,19
DA:59,19
DA:64,1
LF:35
LH:35
BRDA:19,0,0,12
BRDA:19,0,1,12
BRDA:26,1,0,12
BRDA:26,1,1,12
BRDA:36,2,0,1
BRDA:36,2,1,6
BRDA:40,3,0,5
BRDA:40,3,1,2
BRDA:48,4,0,24
BRDA:48,4,1,0
BRF:10
BRH:9
end_of_record
TN:
SF:src/typeDefs.js
FN:6,addTypeDefs
FN:9,(anonymous_1)
FN:10,(anonymous_2)
FN:10,(anonymous_3)
FN:11,(anonymous_4)
FN:11,(anonymous_5)
FN:12,(anonymous_6)
FN:12,(anonymous_7)
FN:17,buildTypes
FN:30,(anonymous_9)
FN:95,buildQuery
FN:132,buildMutation
FNF:12
FNH:12
FNDA:1,addTypeDefs
FNDA:7,(anonymous_1)
FNDA:7,(anonymous_2)
FNDA:7,(anonymous_3)
FNDA:7,(anonymous_4)
FNDA:7,(anonymous_5)
FNDA:7,(anonymous_6)
FNDA:7,(anonymous_7)
FNDA:7,buildTypes
FNDA:84,(anonymous_9)
FNDA:7,buildQuery
FNDA:7,buildMutation
DA:1,1
DA:2,1
DA:3,1
DA:4,1
DA:7,1
DA:8,1
DA:9,7
DA:10,7
DA:11,7
DA:12,7
DA:13,1
DA:14,1
DA:18,7
DA:19,7
DA:20,7
DA:21,7
DA:22,7
DA:23,7
DA:24,7
DA:26,7
DA:27,7
DA:28,48
DA:29,48
DA:30,21
DA:31,84
DA:32,84
DA:36,48
DA:37,44
DA:38,44
DA:39,44
DA:40,44
DA:42,44
DA:43,44
DA:44,44
DA:46,4
DA:47,4
DA:51,4
DA:52,4
DA:59,7
DA:60,7
DA:62,7
DA:92,7
DA:96,7
DA:97,7
DA:99,7
DA:100,5
DA:109,7
DA:110,5
DA:113,7
DA:114,1
DA:117,7
DA:118,1
DA:121,7
DA:122,1
DA:125,6
DA:133,7
DA:134,7
DA:136,7
DA:137,2
DA:140,7
DA:141,2
DA:144,7
DA:145,2
DA:148,7
DA:149,2
DA:152,7
DA:153,2
DA:156,7
DA:157,2
DA:160,7
DA:161,5
DA:164,2
DA:171,1
LF:73
LH:73
BRDA:29,0,0,21
BRDA:29,0,1,27
BRDA:29,1,0,48
BRDA:29,1,1,41
BRDA:36,2,0,44
BRDA:36,2,1,4
BRDA:46,3,0,4
BRDA:46,3,1,0
BRDA:51,4,0,4
BRDA:99,5,0,5
BRDA:99,5,1,2
BRDA:109,6,0,5
BRDA:109,6,1,2
BRDA:113,7,0,1
BRDA:113,7,1,6
BRDA:117,8,0,1
BRDA:117,8,1,6
BRDA:121,9,0,1
BRDA:121,9,1,6
BRDA:136,10,0,2
BRDA:136,10,1,5
BRDA:140,11,0,2
BRDA:140,11,1,5
BRDA:144,12,0,2
BRDA:144,12,1,5
BRDA:148,13,0,2
BRDA:148,13,1,5
BRDA:152,14,0,2
BRDA:152,14,1,5
BRDA:156,15,0,2
BRDA:156,15,1,5
BRDA:160,16,0,5
BRDA:160,16,1,2
BRF:33
BRH:32
end_of_record
TN:
SF:src/utils.js
FN:3,buildInstance
FN:7,asyncForEach
FN:13,buildModelInstancesMapping
FN:19,(anonymous_3)
FN:32,addOrCreate
FN:38,swapKeyValue
FN:46,getFieldsFromInfo
FN:50,getModelFieldsFromInfo
FN:52,(anonymous_8)
FN:55,getStringFieldsFromInfo
FN:57,(anonymous_10)
FNF:11
FNH:11
FNDA:14,buildInstance
FNDA:1,asyncForEach
FNDA:2,buildModelInstancesMapping
FNDA:14,(anonymous_3)
FNDA:135,addOrCreate
FNDA:11,swapKeyValue
FNDA:231,getFieldsFromInfo
FNDA:187,getModelFieldsFromInfo
FNDA:353,(anonymous_8)
FNDA:44,getStringFieldsFromInfo
FNDA:102,(anonymous_10)
DA:1,1
DA:4,14
DA:8,1
DA:9,2
DA:14,2
DA:15,2
DA:18,2
DA:19,2
DA:20,14
DA:21,14
DA:23,14
DA:26,14
DA:29,2
DA:33,135
DA:34,135
DA:35,135
DA:39,11
DA:40,11
DA:41,88
DA:43,11
DA:47,231
DA:51,187
DA:52,353
DA:56,44
DA:57,102
DA:60,1
LF:26
LH:26
BRDA:4,0,0,14
BRDA:4,0,1,0
BRDA:14,1,0,2
BRDA:14,1,1,0
BRDA:23,2,0,14
BRDA:33,3,0,135
BRDA:33,3,1,127
BRF:7
BRH:5
end_of_record
